This file contains any messages produced by compilers while
running configure, to aid debugging if configure makes a mistake.

It was created by INF2610-LAB3 configure 3.0, which was
generated by GNU Autoconf 2.69.  Invocation command line was

  $ ./configure --no-create --no-recursion

## --------- ##
## Platform. ##
## --------- ##

hostname = l4714-15.info.polymtl.ca
uname -m = x86_64
uname -r = 4.14.11-200.fc26.x86_64
uname -s = Linux
uname -v = #1 SMP Wed Jan 3 13:58:53 UTC 2018

/usr/bin/uname -p = x86_64
/bin/uname -X     = unknown

/bin/arch              = x86_64
/usr/bin/arch -k       = unknown
/usr/convex/getsysinfo = unknown
/usr/bin/hostinfo      = unknown
/bin/machine           = unknown
/usr/bin/oslevel       = unknown
/bin/universe          = unknown

PATH: /usr/local/cours/HACK/idea-IC-171.4249.39/bin
PATH: /usr/lib64/qt-3.3/bin
PATH: /usr/lib64/mpich/bin
PATH: /opt/cuda-8.0/bin
PATH: /usr/local/bin
PATH: /usr/bin
PATH: /bin
PATH: /usr/local/sbin
PATH: /usr/sbin
PATH: /opt/java/jdk8.x86_64/bin
PATH: /opt/MATLAB/R2017a/bin
PATH: /opt/pycharm-edu-3.0/bin
PATH: /usr/local/CPNTools/bin
PATH: /usr/local/openclcc/bin
PATH: /usr/local/cours/inf1995/bin
PATH: /usr/local/cours/INF6410/bin
PATH: /usr/local/cours/INF6603/bin
PATH: /usr/local/cours/inf6802/bin
PATH: /usr/local/cours/JohnMullins/bin
PATH: /usr/local/cours/LOG1000/bin
PATH: /usr/local/cours/LOG4420/bin
PATH: /usr/local/cours/INF2610/lttng/bin
PATH: /usr/local/cours/INF2610/workload-kit-0.1.16/bin
PATH: /usr/local/cours/INF2610/lttv/bin
PATH: /usr/local/cours/INF2610/trace-compass
PATH: /usr/local/cours/INF6101/MiniZinc
PATH: /usr/local/cours/INF6603/CPAchecker-1.3.4-unix/scripts
PATH: /usr/local/cours/INF6603/llbmc-2013.1-Linux_64/bin
PATH: /usr/local/cours/INF6603/uppaal64-4.1.19
PATH: /usr/local/cours/INF6603/uppaal-tiga-0.18
PATH: /usr/local/cours/LOG1000/pmccabe/usr/bin
PATH: /usr/local/cours/LOG6605/prism-4.3-linux64/bin


## ----------- ##
## Core tests. ##
## ----------- ##

configure:2385: checking for a BSD-compatible install
configure:2453: result: /usr/bin/install -c
configure:2464: checking whether build environment is sane
configure:2519: result: yes
configure:2670: checking for a thread-safe mkdir -p
configure:2709: result: /usr/bin/mkdir -p
configure:2716: checking for gawk
configure:2732: found /usr/bin/gawk
configure:2743: result: gawk
configure:2754: checking whether make sets $(MAKE)
configure:2776: result: yes
configure:2805: checking whether make supports nested variables
configure:2822: result: yes
configure:2978: checking build system type
configure:2992: result: x86_64-unknown-linux-gnu
configure:3012: checking host system type
configure:3025: result: x86_64-unknown-linux-gnu
configure:3066: checking how to print strings
configure:3093: result: printf
configure:3126: checking for style of include used by make
configure:3154: result: GNU
configure:3225: checking for gcc
configure:3241: found /usr/bin/gcc
configure:3252: result: gcc
configure:3481: checking for C compiler version
configure:3490: gcc --version >&5
gcc (GCC) 7.2.1 20170915 (Red Hat 7.2.1-2)
Copyright (C) 2017 Free Software Foundation, Inc.
This is free software; see the source for copying conditions.  There is NO
warranty; not even for MERCHANTABILITY or FITNESS FOR A PARTICULAR PURPOSE.

configure:3501: $? = 0
configure:3490: gcc -v >&5
Using built-in specs.
COLLECT_GCC=gcc
COLLECT_LTO_WRAPPER=/usr/libexec/gcc/x86_64-redhat-linux/7/lto-wrapper
OFFLOAD_TARGET_NAMES=nvptx-none
OFFLOAD_TARGET_DEFAULT=1
Target: x86_64-redhat-linux
Configured with: ../configure --enable-bootstrap --enable-languages=c,c++,objc,obj-c++,fortran,ada,go,lto --prefix=/usr --mandir=/usr/share/man --infodir=/usr/share/info --with-bugurl=http://bugzilla.redhat.com/bugzilla --enable-shared --enable-threads=posix --enable-checking=release --enable-multilib --with-system-zlib --enable-__cxa_atexit --disable-libunwind-exceptions --enable-gnu-unique-object --enable-linker-build-id --with-gcc-major-version-only --with-linker-hash-style=gnu --enable-plugin --enable-initfini-array --with-isl --enable-libmpx --enable-offload-targets=nvptx-none --without-cuda-driver --enable-gnu-indirect-function --with-tune=generic --with-arch_32=i686 --build=x86_64-redhat-linux
Thread model: posix
gcc version 7.2.1 20170915 (Red Hat 7.2.1-2) (GCC) 
configure:3501: $? = 0
configure:3490: gcc -V >&5
gcc: error: unrecognized command line option '-V'
gcc: fatal error: no input files
compilation terminated.
configure:3501: $? = 1
configure:3490: gcc -qversion >&5
gcc: error: unrecognized command line option '-qversion'; did you mean '--version'?
gcc: fatal error: no input files
compilation terminated.
configure:3501: $? = 1
configure:3521: checking whether the C compiler works
configure:3543: gcc    conftest.c  >&5
configure:3547: $? = 0
configure:3595: result: yes
configure:3598: checking for C compiler default output file name
configure:3600: result: a.out
configure:3606: checking for suffix of executables
configure:3613: gcc -o conftest    conftest.c  >&5
configure:3617: $? = 0
configure:3639: result: 
configure:3661: checking whether we are cross compiling
configure:3669: gcc -o conftest    conftest.c  >&5
configure:3673: $? = 0
configure:3680: ./conftest
configure:3684: $? = 0
configure:3699: result: no
configure:3704: checking for suffix of object files
configure:3726: gcc -c   conftest.c >&5
configure:3730: $? = 0
configure:3751: result: o
configure:3755: checking whether we are using the GNU C compiler
configure:3774: gcc -c   conftest.c >&5
configure:3774: $? = 0
configure:3783: result: yes
configure:3792: checking whether gcc accepts -g
configure:3812: gcc -c -g  conftest.c >&5
configure:3812: $? = 0
configure:3853: result: yes
configure:3870: checking for gcc option to accept ISO C89
configure:3933: gcc  -c -g -O2  conftest.c >&5
configure:3933: $? = 0
configure:3946: result: none needed
configure:3971: checking whether gcc understands -c and -o together
configure:3993: gcc -c conftest.c -o conftest2.o
configure:3996: $? = 0
configure:3993: gcc -c conftest.c -o conftest2.o
configure:3996: $? = 0
configure:4008: result: yes
configure:4027: checking dependency style of gcc
configure:4138: result: gcc3
configure:4153: checking for a sed that does not truncate output
configure:4217: result: /usr/bin/sed
configure:4235: checking for grep that handles long lines and -e
configure:4293: result: /usr/bin/grep
configure:4298: checking for egrep
configure:4360: result: /usr/bin/grep -E
configure:4365: checking for fgrep
configure:4427: result: /usr/bin/grep -F
configure:4462: checking for ld used by gcc
configure:4529: result: /usr/bin/ld
configure:4536: checking if the linker (/usr/bin/ld) is GNU ld
configure:4551: result: yes
configure:4563: checking for BSD- or MS-compatible name lister (nm)
configure:4612: result: /usr/bin/nm -B
configure:4742: checking the name lister (/usr/bin/nm -B) interface
configure:4749: gcc -c -g -O2  conftest.c >&5
configure:4752: /usr/bin/nm -B "conftest.o"
configure:4755: output
0000000000000000 B some_variable
configure:4762: result: BSD nm
configure:4765: checking whether ln -s works
configure:4769: result: yes
configure:4777: checking the maximum length of command line arguments
configure:4908: result: 1572864
configure:4925: checking whether the shell understands some XSI constructs
configure:4935: result: yes
configure:4939: checking whether the shell understands "+="
configure:4945: result: yes
configure:4980: checking how to convert x86_64-unknown-linux-gnu file names to x86_64-unknown-linux-gnu format
configure:5020: result: func_convert_file_noop
configure:5027: checking how to convert x86_64-unknown-linux-gnu file names to toolchain format
configure:5047: result: func_convert_file_noop
configure:5054: checking for /usr/bin/ld option to reload object files
configure:5061: result: -r
configure:5135: checking for objdump
configure:5151: found /usr/bin/objdump
configure:5162: result: objdump
configure:5194: checking how to recognize dependent libraries
configure:5392: result: pass_all
configure:5477: checking for dlltool
configure:5507: result: no
configure:5537: checking how to associate runtime and link libraries
configure:5564: result: printf %s\n
configure:5625: checking for ar
configure:5641: found /usr/bin/ar
configure:5652: result: ar
configure:5689: checking for archiver @FILE support
configure:5706: gcc -c -g -O2  conftest.c >&5
configure:5706: $? = 0
configure:5709: ar cru libconftest.a @conftest.lst >&5
configure:5712: $? = 0
configure:5717: ar cru libconftest.a @conftest.lst >&5
ar: conftest.o: No such file or directory
configure:5720: $? = 1
configure:5732: result: @
configure:5790: checking for strip
configure:5806: found /usr/bin/strip
configure:5817: result: strip
configure:5889: checking for ranlib
configure:5905: found /usr/bin/ranlib
configure:5916: result: ranlib
configure:6018: checking command to parse /usr/bin/nm -B output from gcc object
configure:6138: gcc -c -g -O2  conftest.c >&5
configure:6141: $? = 0
configure:6145: /usr/bin/nm -B conftest.o \| sed -n -e 's/^.*[ ]\([ABCDGIRSTW][ABCDGIRSTW]*\)[ ][ ]*\([_A-Za-z][_A-Za-z0-9]*\)$/\1 \2 \2/p' | sed '/ __gnu_lto/d' \> conftest.nm
configure:6148: $? = 0
configure:6214: gcc -o conftest -g -O2   conftest.c conftstm.o >&5
configure:6217: $? = 0
configure:6255: result: ok
configure:6292: checking for sysroot
configure:6322: result: no
configure:6399: gcc -c -g -O2  conftest.c >&5
configure:6402: $? = 0
configure:6591: checking for mt
configure:6621: result: no
configure:6641: checking if : is a manifest tool
configure:6647: : '-?'
configure:6655: result: no
configure:7297: checking how to run the C preprocessor
configure:7328: gcc -E  conftest.c
configure:7328: $? = 0
configure:7342: gcc -E  conftest.c
conftest.c:11:10: fatal error: ac_nonexistent.h: No such file or directory
 #include <ac_nonexistent.h>
          ^~~~~~~~~~~~~~~~~~
compilation terminated.
configure:7342: $? = 1
configure: failed program was:
| /* confdefs.h */
| #define PACKAGE_NAME "INF2610-LAB3"
| #define PACKAGE_TARNAME "inf2610-lab3"
| #define PACKAGE_VERSION "3.0"
| #define PACKAGE_STRING "INF2610-LAB3 3.0"
| #define PACKAGE_BUGREPORT ""
| #define PACKAGE_URL ""
| #define PACKAGE "inf2610-lab3"
| #define VERSION "3.0"
| /* end confdefs.h.  */
| #include <ac_nonexistent.h>
configure:7367: result: gcc -E
configure:7387: gcc -E  conftest.c
configure:7387: $? = 0
configure:7401: gcc -E  conftest.c
conftest.c:11:10: fatal error: ac_nonexistent.h: No such file or directory
 #include <ac_nonexistent.h>
          ^~~~~~~~~~~~~~~~~~
compilation terminated.
configure:7401: $? = 1
configure: failed program was:
| /* confdefs.h */
| #define PACKAGE_NAME "INF2610-LAB3"
| #define PACKAGE_TARNAME "inf2610-lab3"
| #define PACKAGE_VERSION "3.0"
| #define PACKAGE_STRING "INF2610-LAB3 3.0"
| #define PACKAGE_BUGREPORT ""
| #define PACKAGE_URL ""
| #define PACKAGE "inf2610-lab3"
| #define VERSION "3.0"
| /* end confdefs.h.  */
| #include <ac_nonexistent.h>
configure:7430: checking for ANSI C header files
configure:7450: gcc -c -g -O2  conftest.c >&5
configure:7450: $? = 0
configure:7523: gcc -o conftest -g -O2   conftest.c  >&5
configure:7523: $? = 0
configure:7523: ./conftest
configure:7523: $? = 0
configure:7534: result: yes
configure:7547: checking for sys/types.h
configure:7547: gcc -c -g -O2  conftest.c >&5
configure:7547: $? = 0
configure:7547: result: yes
configure:7547: checking for sys/stat.h
configure:7547: gcc -c -g -O2  conftest.c >&5
configure:7547: $? = 0
configure:7547: result: yes
configure:7547: checking for stdlib.h
configure:7547: gcc -c -g -O2  conftest.c >&5
configure:7547: $? = 0
configure:7547: result: yes
configure:7547: checking for string.h
configure:7547: gcc -c -g -O2  conftest.c >&5
configure:7547: $? = 0
configure:7547: result: yes
configure:7547: checking for memory.h
configure:7547: gcc -c -g -O2  conftest.c >&5
configure:7547: $? = 0
configure:7547: result: yes
configure:7547: checking for strings.h
configure:7547: gcc -c -g -O2  conftest.c >&5
configure:7547: $? = 0
configure:7547: result: yes
configure:7547: checking for inttypes.h
configure:7547: gcc -c -g -O2  conftest.c >&5
configure:7547: $? = 0
configure:7547: result: yes
configure:7547: checking for stdint.h
configure:7547: gcc -c -g -O2  conftest.c >&5
configure:7547: $? = 0
configure:7547: result: yes
configure:7547: checking for unistd.h
configure:7547: gcc -c -g -O2  conftest.c >&5
configure:7547: $? = 0
configure:7547: result: yes
configure:7561: checking for dlfcn.h
configure:7561: gcc -c -g -O2  conftest.c >&5
configure:7561: $? = 0
configure:7561: result: yes
configure:7767: checking for objdir
configure:7782: result: .libs
configure:8053: checking if gcc supports -fno-rtti -fno-exceptions
configure:8071: gcc -c -g -O2  -fno-rtti -fno-exceptions conftest.c >&5
cc1: warning: command line option '-fno-rtti' is valid for C++/ObjC++ but not for C
configure:8075: $? = 0
configure:8088: result: no
configure:8415: checking for gcc option to produce PIC
configure:8422: result: -fPIC -DPIC
configure:8430: checking if gcc PIC flag -fPIC -DPIC works
configure:8448: gcc -c -g -O2  -fPIC -DPIC -DPIC conftest.c >&5
configure:8452: $? = 0
configure:8465: result: yes
configure:8494: checking if gcc static flag -static works
configure:8522: result: yes
configure:8537: checking if gcc supports -c -o file.o
configure:8558: gcc -c -g -O2  -o out/conftest2.o conftest.c >&5
configure:8562: $? = 0
configure:8584: result: yes
configure:8592: checking if gcc supports -c -o file.o
configure:8639: result: yes
configure:8672: checking whether the gcc linker (/usr/bin/ld -m elf_x86_64) supports shared libraries
configure:9829: result: yes
configure:9866: checking whether -lc should be explicitly linked in
configure:9874: gcc -c -g -O2  conftest.c >&5
configure:9877: $? = 0
configure:9892: gcc -shared  -fPIC -DPIC conftest.o  -v -Wl,-soname -Wl,conftest -o conftest 2\>\&1 \| /usr/bin/grep  -lc  \>/dev/null 2\>\&1
configure:9895: $? = 0
configure:9909: result: no
configure:10069: checking dynamic linker characteristics
configure:10569: gcc -o conftest -g -O2   -Wl,-rpath -Wl,/foo conftest.c  >&5
configure:10569: $? = 0
configure:10803: result: GNU/Linux ld.so
configure:10910: checking how to hardcode library paths into programs
configure:10935: result: immediate
configure:11475: checking whether stripping libraries is possible
configure:11480: result: yes
configure:11515: checking if libtool supports shared libraries
configure:11517: result: yes
configure:11520: checking whether to build shared libraries
configure:11541: result: yes
configure:11544: checking whether to build static libraries
configure:11548: result: yes
configure:11589: checking for sys/types.h
configure:11589: result: yes
configure:11589: checking for unistd.h
configure:11589: result: yes
configure:11589: checking fcntl.h usability
configure:11589: gcc -c -g -O2  conftest.c >&5
configure:11589: $? = 0
configure:11589: result: yes
configure:11589: checking fcntl.h presence
configure:11589: gcc -E  conftest.c
configure:11589: $? = 0
configure:11589: result: yes
configure:11589: checking for fcntl.h
configure:11589: result: yes
configure:11589: checking for strings.h
configure:11589: result: yes
configure:11589: checking pthread.h usability
configure:11589: gcc -c -g -O2  conftest.c >&5
configure:11589: $? = 0
configure:11589: result: yes
configure:11589: checking pthread.h presence
configure:11589: gcc -E  conftest.c
configure:11589: $? = 0
configure:11589: result: yes
configure:11589: checking for pthread.h
configure:11589: result: yes
configure:11589: checking time.h usability
configure:11589: gcc -c -g -O2  conftest.c >&5
configure:11589: $? = 0
configure:11589: result: yes
configure:11589: checking time.h presence
configure:11589: gcc -E  conftest.c
configure:11589: $? = 0
configure:11589: result: yes
configure:11589: checking for time.h
configure:11589: result: yes
configure:11589: checking errno.h usability
configure:11589: gcc -c -g -O2  conftest.c >&5
configure:11589: $? = 0
configure:11589: result: yes
configure:11589: checking errno.h presence
configure:11589: gcc -E  conftest.c
configure:11589: $? = 0
configure:11589: result: yes
configure:11589: checking for errno.h
configure:11589: result: yes
configure:11589: checking stdarg.h usability
configure:11589: gcc -c -g -O2  conftest.c >&5
configure:11589: $? = 0
configure:11589: result: yes
configure:11589: checking stdarg.h presence
configure:11589: gcc -E  conftest.c
configure:11589: $? = 0
configure:11589: result: yes
configure:11589: checking for stdarg.h
configure:11589: result: yes
configure:11589: checking limits.h usability
configure:11589: gcc -c -g -O2  conftest.c >&5
configure:11589: $? = 0
configure:11589: result: yes
configure:11589: checking limits.h presence
configure:11589: gcc -E  conftest.c
configure:11589: $? = 0
configure:11589: result: yes
configure:11589: checking for limits.h
configure:11589: result: yes
configure:11589: checking signal.h usability
configure:11589: gcc -c -g -O2  conftest.c >&5
configure:11589: $? = 0
configure:11589: result: yes
configure:11589: checking signal.h presence
configure:11589: gcc -E  conftest.c
configure:11589: $? = 0
configure:11589: result: yes
configure:11589: checking for signal.h
configure:11589: result: yes
configure:11589: checking for stdlib.h
configure:11589: result: yes
configure:11602: checking for inttypes.h
configure:11602: result: yes
configure:11602: checking math.h usability
configure:11602: gcc -c -g -O2  conftest.c >&5
configure:11602: $? = 0
configure:11602: result: yes
configure:11602: checking math.h presence
configure:11602: gcc -E  conftest.c
configure:11602: $? = 0
configure:11602: result: yes
configure:11602: checking for math.h
configure:11602: result: yes
configure:11612: checking for pthread_create in -lpthread
configure:11637: gcc -o conftest -g -O2   conftest.c -lpthread   >&5
configure:11637: $? = 0
configure:11646: result: yes
configure:11660: checking whether to enable debug mode
configure:11679: result: no
configure:11699: checking whether make supports nested variables
configure:11716: result: yes
configure:11778: checking for gcc
configure:11805: result: gcc
configure:12034: checking for C compiler version
configure:12043: gcc --version >&5
gcc (GCC) 7.2.1 20170915 (Red Hat 7.2.1-2)
Copyright (C) 2017 Free Software Foundation, Inc.
This is free software; see the source for copying conditions.  There is NO
warranty; not even for MERCHANTABILITY or FITNESS FOR A PARTICULAR PURPOSE.

configure:12054: $? = 0
configure:12043: gcc -v >&5
Using built-in specs.
COLLECT_GCC=gcc
COLLECT_LTO_WRAPPER=/usr/libexec/gcc/x86_64-redhat-linux/7/lto-wrapper
OFFLOAD_TARGET_NAMES=nvptx-none
OFFLOAD_TARGET_DEFAULT=1
Target: x86_64-redhat-linux
Configured with: ../configure --enable-bootstrap --enable-languages=c,c++,objc,obj-c++,fortran,ada,go,lto --prefix=/usr --mandir=/usr/share/man --infodir=/usr/share/info --with-bugurl=http://bugzilla.redhat.com/bugzilla --enable-shared --enable-threads=posix --enable-checking=release --enable-multilib --with-system-zlib --enable-__cxa_atexit --disable-libunwind-exceptions --enable-gnu-unique-object --enable-linker-build-id --with-gcc-major-version-only --with-linker-hash-style=gnu --enable-plugin --enable-initfini-array --with-isl --enable-libmpx --enable-offload-targets=nvptx-none --without-cuda-driver --enable-gnu-indirect-function --with-tune=generic --with-arch_32=i686 --build=x86_64-redhat-linux
Thread model: posix
gcc version 7.2.1 20170915 (Red Hat 7.2.1-2) (GCC) 
configure:12054: $? = 0
configure:12043: gcc -V >&5
gcc: error: unrecognized command line option '-V'
gcc: fatal error: no input files
compilation terminated.
configure:12054: $? = 1
configure:12043: gcc -qversion >&5
gcc: error: unrecognized command line option '-qversion'; did you mean '--version'?
gcc: fatal error: no input files
compilation terminated.
configure:12054: $? = 1
configure:12058: checking whether we are using the GNU C compiler
configure:12086: result: yes
configure:12095: checking whether gcc accepts -g
configure:12156: result: yes
configure:12173: checking for gcc option to accept ISO C89
configure:12249: result: none needed
configure:12274: checking whether gcc understands -c and -o together
configure:12311: result: yes
configure:12330: checking dependency style of gcc
configure:12441: result: gcc3
configure:12514: checking for g++
configure:12530: found /usr/bin/g++
configure:12541: result: g++
configure:12568: checking for C++ compiler version
configure:12577: g++ --version >&5
g++ (GCC) 7.2.1 20170915 (Red Hat 7.2.1-2)
Copyright (C) 2017 Free Software Foundation, Inc.
This is free software; see the source for copying conditions.  There is NO
warranty; not even for MERCHANTABILITY or FITNESS FOR A PARTICULAR PURPOSE.

configure:12588: $? = 0
configure:12577: g++ -v >&5
Using built-in specs.
COLLECT_GCC=g++
COLLECT_LTO_WRAPPER=/usr/libexec/gcc/x86_64-redhat-linux/7/lto-wrapper
OFFLOAD_TARGET_NAMES=nvptx-none
OFFLOAD_TARGET_DEFAULT=1
Target: x86_64-redhat-linux
Configured with: ../configure --enable-bootstrap --enable-languages=c,c++,objc,obj-c++,fortran,ada,go,lto --prefix=/usr --mandir=/usr/share/man --infodir=/usr/share/info --with-bugurl=http://bugzilla.redhat.com/bugzilla --enable-shared --enable-threads=posix --enable-checking=release --enable-multilib --with-system-zlib --enable-__cxa_atexit --disable-libunwind-exceptions --enable-gnu-unique-object --enable-linker-build-id --with-gcc-major-version-only --with-linker-hash-style=gnu --enable-plugin --enable-initfini-array --with-isl --enable-libmpx --enable-offload-targets=nvptx-none --without-cuda-driver --enable-gnu-indirect-function --with-tune=generic --with-arch_32=i686 --build=x86_64-redhat-linux
Thread model: posix
gcc version 7.2.1 20170915 (Red Hat 7.2.1-2) (GCC) 
configure:12588: $? = 0
configure:12577: g++ -V >&5
g++: error: unrecognized command line option '-V'
g++: fatal error: no input files
compilation terminated.
configure:12588: $? = 1
configure:12577: g++ -qversion >&5
g++: error: unrecognized command line option '-qversion'; did you mean '--version'?
g++: fatal error: no input files
compilation terminated.
configure:12588: $? = 1
configure:12592: checking whether we are using the GNU C++ compiler
configure:12611: g++ -c -Wall -O3 -fomit-frame-pointer -std=c++0x  conftest.cpp >&5
configure:12611: $? = 0
configure:12620: result: yes
configure:12629: checking whether g++ accepts -g
configure:12649: g++ -c -g  conftest.cpp >&5
configure:12649: $? = 0
configure:12690: result: yes
configure:12715: checking dependency style of g++
configure:12826: result: gcc3
configure:12859: checking how to run the C++ preprocessor
configure:12886: g++ -E  conftest.cpp
configure:12886: $? = 0
configure:12900: g++ -E  conftest.cpp
conftest.cpp:37:10: fatal error: ac_nonexistent.h: No such file or directory
 #include <ac_nonexistent.h>
          ^~~~~~~~~~~~~~~~~~
compilation terminated.
configure:12900: $? = 1
configure: failed program was:
| /* confdefs.h */
| #define PACKAGE_NAME "INF2610-LAB3"
| #define PACKAGE_TARNAME "inf2610-lab3"
| #define PACKAGE_VERSION "3.0"
| #define PACKAGE_STRING "INF2610-LAB3 3.0"
| #define PACKAGE_BUGREPORT ""
| #define PACKAGE_URL ""
| #define PACKAGE "inf2610-lab3"
| #define VERSION "3.0"
| #define STDC_HEADERS 1
| #define HAVE_SYS_TYPES_H 1
| #define HAVE_SYS_STAT_H 1
| #define HAVE_STDLIB_H 1
| #define HAVE_STRING_H 1
| #define HAVE_MEMORY_H 1
| #define HAVE_STRINGS_H 1
| #define HAVE_INTTYPES_H 1
| #define HAVE_STDINT_H 1
| #define HAVE_UNISTD_H 1
| #define HAVE_DLFCN_H 1
| #define LT_OBJDIR ".libs/"
| #define HAVE_SYS_TYPES_H 1
| #define HAVE_UNISTD_H 1
| #define HAVE_FCNTL_H 1
| #define HAVE_STRINGS_H 1
| #define HAVE_PTHREAD_H 1
| #define HAVE_TIME_H 1
| #define HAVE_ERRNO_H 1
| #define HAVE_STDARG_H 1
| #define HAVE_LIMITS_H 1
| #define HAVE_SIGNAL_H 1
| #define HAVE_STDLIB_H 1
| #define HAVE_INTTYPES_H 1
| #define HAVE_MATH_H 1
| #define HAVE_LIBPTHREAD 1
| /* end confdefs.h.  */
| #include <ac_nonexistent.h>
configure:12925: result: g++ -E
configure:12945: g++ -E  conftest.cpp
configure:12945: $? = 0
configure:12959: g++ -E  conftest.cpp
conftest.cpp:37:10: fatal error: ac_nonexistent.h: No such file or directory
 #include <ac_nonexistent.h>
          ^~~~~~~~~~~~~~~~~~
compilation terminated.
configure:12959: $? = 1
configure: failed program was:
| /* confdefs.h */
| #define PACKAGE_NAME "INF2610-LAB3"
| #define PACKAGE_TARNAME "inf2610-lab3"
| #define PACKAGE_VERSION "3.0"
| #define PACKAGE_STRING "INF2610-LAB3 3.0"
| #define PACKAGE_BUGREPORT ""
| #define PACKAGE_URL ""
| #define PACKAGE "inf2610-lab3"
| #define VERSION "3.0"
| #define STDC_HEADERS 1
| #define HAVE_SYS_TYPES_H 1
| #define HAVE_SYS_STAT_H 1
| #define HAVE_STDLIB_H 1
| #define HAVE_STRING_H 1
| #define HAVE_MEMORY_H 1
| #define HAVE_STRINGS_H 1
| #define HAVE_INTTYPES_H 1
| #define HAVE_STDINT_H 1
| #define HAVE_UNISTD_H 1
| #define HAVE_DLFCN_H 1
| #define LT_OBJDIR ".libs/"
| #define HAVE_SYS_TYPES_H 1
| #define HAVE_UNISTD_H 1
| #define HAVE_FCNTL_H 1
| #define HAVE_STRINGS_H 1
| #define HAVE_PTHREAD_H 1
| #define HAVE_TIME_H 1
| #define HAVE_ERRNO_H 1
| #define HAVE_STDARG_H 1
| #define HAVE_LIMITS_H 1
| #define HAVE_SIGNAL_H 1
| #define HAVE_STDLIB_H 1
| #define HAVE_INTTYPES_H 1
| #define HAVE_MATH_H 1
| #define HAVE_LIBPTHREAD 1
| /* end confdefs.h.  */
| #include <ac_nonexistent.h>
configure:13128: checking for ld used by g++
configure:13195: result: /usr/bin/ld -m elf_x86_64
configure:13202: checking if the linker (/usr/bin/ld -m elf_x86_64) is GNU ld
configure:13217: result: yes
configure:13272: checking whether the g++ linker (/usr/bin/ld -m elf_x86_64) supports shared libraries
configure:14274: result: yes
configure:14310: g++ -c -Wall -O3 -fomit-frame-pointer -std=c++0x  conftest.cpp >&5
configure:14313: $? = 0
configure:14833: checking for g++ option to produce PIC
configure:14840: result: -fPIC -DPIC
configure:14848: checking if g++ PIC flag -fPIC -DPIC works
configure:14866: g++ -c -Wall -O3 -fomit-frame-pointer -std=c++0x  -fPIC -DPIC -DPIC conftest.cpp >&5
configure:14870: $? = 0
configure:14883: result: yes
configure:14906: checking if g++ static flag -static works
configure:14934: result: no
configure:14946: checking if g++ supports -c -o file.o
configure:14967: g++ -c -Wall -O3 -fomit-frame-pointer -std=c++0x  -o out/conftest2.o conftest.cpp >&5
configure:14971: $? = 0
configure:14993: result: yes
configure:14998: checking if g++ supports -c -o file.o
configure:15045: result: yes
configure:15075: checking whether the g++ linker (/usr/bin/ld -m elf_x86_64) supports shared libraries
configure:15114: result: yes
configure:15255: checking dynamic linker characteristics
configure:15923: result: GNU/Linux ld.so
configure:15976: checking how to hardcode library paths into programs
configure:16001: result: immediate
configure:16085: checking for ranlib
configure:16112: result: ranlib
configure:16244: checking that generated files are newer than configure
configure:16250: result: done
configure:16281: creating ./config.status

## ---------------- ##
## Cache variables. ##
## ---------------- ##

ac_cv_build=x86_64-unknown-linux-gnu
ac_cv_c_compiler_gnu=yes
ac_cv_cxx_compiler_gnu=yes
ac_cv_env_CCC_set=
ac_cv_env_CCC_value=
ac_cv_env_CC_set=
ac_cv_env_CC_value=
ac_cv_env_CFLAGS_set=
ac_cv_env_CFLAGS_value=
ac_cv_env_CPPFLAGS_set=
ac_cv_env_CPPFLAGS_value=
ac_cv_env_CPP_set=
ac_cv_env_CPP_value=
ac_cv_env_CXXCPP_set=
ac_cv_env_CXXCPP_value=
ac_cv_env_CXXFLAGS_set=
ac_cv_env_CXXFLAGS_value=
ac_cv_env_CXX_set=
ac_cv_env_CXX_value=
ac_cv_env_LDFLAGS_set=
ac_cv_env_LDFLAGS_value=
ac_cv_env_LIBS_set=
ac_cv_env_LIBS_value=
ac_cv_env_build_alias_set=
ac_cv_env_build_alias_value=
ac_cv_env_host_alias_set=
ac_cv_env_host_alias_value=
ac_cv_env_target_alias_set=
ac_cv_env_target_alias_value=
ac_cv_header_dlfcn_h=yes
ac_cv_header_errno_h=yes
ac_cv_header_fcntl_h=yes
ac_cv_header_inttypes_h=yes
ac_cv_header_limits_h=yes
ac_cv_header_math_h=yes
ac_cv_header_memory_h=yes
ac_cv_header_pthread_h=yes
ac_cv_header_signal_h=yes
ac_cv_header_stdarg_h=yes
ac_cv_header_stdc=yes
ac_cv_header_stdint_h=yes
ac_cv_header_stdlib_h=yes
ac_cv_header_string_h=yes
ac_cv_header_strings_h=yes
ac_cv_header_sys_stat_h=yes
ac_cv_header_sys_types_h=yes
ac_cv_header_time_h=yes
ac_cv_header_unistd_h=yes
ac_cv_host=x86_64-unknown-linux-gnu
ac_cv_lib_pthread_pthread_create=yes
ac_cv_objext=o
ac_cv_path_EGREP='/usr/bin/grep -E'
ac_cv_path_FGREP='/usr/bin/grep -F'
ac_cv_path_GREP=/usr/bin/grep
ac_cv_path_SED=/usr/bin/sed
ac_cv_path_install='/usr/bin/install -c'
ac_cv_path_mkdir=/usr/bin/mkdir
ac_cv_prog_AWK=gawk
ac_cv_prog_CPP='gcc -E'
ac_cv_prog_CXXCPP='g++ -E'
ac_cv_prog_ac_ct_AR=ar
ac_cv_prog_ac_ct_CC=gcc
ac_cv_prog_ac_ct_CXX=g++
ac_cv_prog_ac_ct_OBJDUMP=objdump
ac_cv_prog_ac_ct_RANLIB=ranlib
ac_cv_prog_ac_ct_STRIP=strip
ac_cv_prog_cc_c89=
ac_cv_prog_cc_g=yes
ac_cv_prog_cxx_g=yes
ac_cv_prog_make_make_set=yes
am_cv_CC_dependencies_compiler_type=gcc3
am_cv_CXX_dependencies_compiler_type=gcc3
am_cv_make_support_nested_variables=yes
am_cv_prog_cc_c_o=yes
lt_cv_ar_at_file=@
lt_cv_archive_cmds_need_lc=no
lt_cv_deplibs_check_method=pass_all
lt_cv_file_magic_cmd='$MAGIC_CMD'
lt_cv_file_magic_test_file=
lt_cv_ld_reload_flag=-r
lt_cv_nm_interface='BSD nm'
lt_cv_objdir=.libs
lt_cv_path_LD=/usr/bin/ld
lt_cv_path_LDCXX='/usr/bin/ld -m elf_x86_64'
lt_cv_path_NM='/usr/bin/nm -B'
lt_cv_path_mainfest_tool=no
lt_cv_prog_compiler_c_o=yes
lt_cv_prog_compiler_c_o_CXX=yes
lt_cv_prog_compiler_pic='-fPIC -DPIC'
lt_cv_prog_compiler_pic_CXX='-fPIC -DPIC'
lt_cv_prog_compiler_pic_works=yes
lt_cv_prog_compiler_pic_works_CXX=yes
lt_cv_prog_compiler_rtti_exceptions=no
lt_cv_prog_compiler_static_works=yes
lt_cv_prog_compiler_static_works_CXX=no
lt_cv_prog_gnu_ld=yes
lt_cv_prog_gnu_ldcxx=yes
lt_cv_sharedlib_from_linklib_cmd='printf %s\n'
lt_cv_shlibpath_overrides_runpath=no
lt_cv_sys_global_symbol_pipe='sed -n -e '\''s/^.*[	 ]\([ABCDGIRSTW][ABCDGIRSTW]*\)[	 ][	 ]*\([_A-Za-z][_A-Za-z0-9]*\)$/\1 \2 \2/p'\'' | sed '\''/ __gnu_lto/d'\'''
lt_cv_sys_global_symbol_to_c_name_address='sed -n -e '\''s/^: \([^ ]*\)[ ]*$/  {\"\1\", (void *) 0},/p'\'' -e '\''s/^[ABCDGIRSTW]* \([^ ]*\) \([^ ]*\)$/  {"\2", (void *) \&\2},/p'\'''
lt_cv_sys_global_symbol_to_c_name_address_lib_prefix='sed -n -e '\''s/^: \([^ ]*\)[ ]*$/  {\"\1\", (void *) 0},/p'\'' -e '\''s/^[ABCDGIRSTW]* \([^ ]*\) \(lib[^ ]*\)$/  {"\2", (void *) \&\2},/p'\'' -e '\''s/^[ABCDGIRSTW]* \([^ ]*\) \([^ ]*\)$/  {"lib\2", (void *) \&\2},/p'\'''
lt_cv_sys_global_symbol_to_cdecl='sed -n -e '\''s/^T .* \(.*\)$/extern int \1();/p'\'' -e '\''s/^[ABCDGIRSTW]* .* \(.*\)$/extern char \1;/p'\'''
lt_cv_sys_max_cmd_len=1572864
lt_cv_to_host_file_cmd=func_convert_file_noop
lt_cv_to_tool_file_cmd=func_convert_file_noop

## ----------------- ##
## Output variables. ##
## ----------------- ##

ACLOCAL='${SHELL} /usagers/saferc/Bureau/LOG2610/lab3/inf2610-lab3-3.0/missing aclocal-1.15'
AMDEPBACKSLASH='\'
AMDEP_FALSE='#'
AMDEP_TRUE=''
AMTAR='$${TAR-tar}'
AM_BACKSLASH='\'
AM_DEFAULT_V='$(AM_DEFAULT_VERBOSITY)'
AM_DEFAULT_VERBOSITY='0'
AM_V='$(V)'
AR='ar'
AUTOCONF='${SHELL} /usagers/saferc/Bureau/LOG2610/lab3/inf2610-lab3-3.0/missing autoconf'
AUTOHEADER='${SHELL} /usagers/saferc/Bureau/LOG2610/lab3/inf2610-lab3-3.0/missing autoheader'
AUTOMAKE='${SHELL} /usagers/saferc/Bureau/LOG2610/lab3/inf2610-lab3-3.0/missing automake-1.15'
AWK='gawk'
CC='gcc'
CCDEPMODE='depmode=gcc3'
CFLAGS=''
CPP='gcc -E'
CPPFLAGS=''
CXX='g++'
CXXCPP='g++ -E'
CXXDEPMODE='depmode=gcc3'
CXXFLAGS='-Wall -O3 -fomit-frame-pointer -std=c++0x'
CYGPATH_W='echo'
DEFS='-DHAVE_CONFIG_H'
DEPDIR='.deps'
DLLTOOL='false'
DSYMUTIL=''
DUMPBIN=''
ECHO_C=''
ECHO_N='-n'
ECHO_T=''
EGREP='/usr/bin/grep -E'
EXEEXT=''
FGREP='/usr/bin/grep -F'
GREP='/usr/bin/grep'
INSTALL_DATA='${INSTALL} -m 644'
INSTALL_PROGRAM='${INSTALL}'
INSTALL_SCRIPT='${INSTALL}'
INSTALL_STRIP_PROGRAM='$(install_sh) -c -s'
LD='/usr/bin/ld -m elf_x86_64'
LDFLAGS=''
LIBOBJS=''
LIBS='-lpthread '
LIBTOOL='$(SHELL) $(top_builddir)/libtool'
LIPO=''
LN_S='ln -s'
LTLIBOBJS=''
MAKEINFO='${SHELL} /usagers/saferc/Bureau/LOG2610/lab3/inf2610-lab3-3.0/missing makeinfo'
MANIFEST_TOOL=':'
MKDIR_P='/usr/bin/mkdir -p'
NM='/usr/bin/nm -B'
NMEDIT=''
OBJDUMP='objdump'
OBJEXT='o'
OTOOL64=''
OTOOL=''
PACKAGE='inf2610-lab3'
PACKAGE_BUGREPORT=''
PACKAGE_NAME='INF2610-LAB3'
PACKAGE_STRING='INF2610-LAB3 3.0'
PACKAGE_TARNAME='inf2610-lab3'
PACKAGE_URL=''
PACKAGE_VERSION='3.0'
PATH_SEPARATOR=':'
RANLIB='ranlib'
SED='/usr/bin/sed'
SET_MAKE=''
SHELL='/bin/sh'
STRIP='strip'
VERSION='3.0'
ac_ct_AR='ar'
ac_ct_CC='gcc'
ac_ct_CXX='g++'
ac_ct_DUMPBIN=''
am__EXEEXT_FALSE=''
am__EXEEXT_TRUE='#'
am__fastdepCC_FALSE='#'
am__fastdepCC_TRUE=''
am__fastdepCXX_FALSE='#'
am__fastdepCXX_TRUE=''
am__include='include'
am__isrc=''
am__leading_dot='.'
am__nodep='_no'
am__quote=''
am__tar='$${TAR-tar} chof - "$$tardir"'
am__untar='$${TAR-tar} xf -'
bindir='${exec_prefix}/bin'
build='x86_64-unknown-linux-gnu'
build_alias=''
build_cpu='x86_64'
build_os='linux-gnu'
build_vendor='unknown'
datadir='${datarootdir}'
datarootdir='${prefix}/share'
docdir='${datarootdir}/doc/${PACKAGE_TARNAME}'
dvidir='${docdir}'
exec_prefix='${prefix}'
host='x86_64-unknown-linux-gnu'
host_alias=''
host_cpu='x86_64'
host_os='linux-gnu'
host_vendor='unknown'
htmldir='${docdir}'
includedir='${prefix}/include'
infodir='${datarootdir}/info'
install_sh='${SHELL} /usagers/saferc/Bureau/LOG2610/lab3/inf2610-lab3-3.0/install-sh'
libdir='${exec_prefix}/lib'
libexecdir='${exec_prefix}/libexec'
localedir='${datarootdir}/locale'
localstatedir='${prefix}/var'
mandir='${datarootdir}/man'
mkdir_p='$(MKDIR_P)'
oldincludedir='/usr/include'
pdfdir='${docdir}'
prefix='/usr/local'
program_transform_name='s,x,x,'
psdir='${docdir}'
sbindir='${exec_prefix}/sbin'
sharedstatedir='${prefix}/com'
sysconfdir='${prefix}/etc'
target_alias=''

## ----------- ##
## confdefs.h. ##
## ----------- ##

/* confdefs.h */
#define PACKAGE_NAME "INF2610-LAB3"
#define PACKAGE_TARNAME "inf2610-lab3"
#define PACKAGE_VERSION "3.0"
#define PACKAGE_STRING "INF2610-LAB3 3.0"
#define PACKAGE_BUGREPORT ""
#define PACKAGE_URL ""
#define PACKAGE "inf2610-lab3"
#define VERSION "3.0"
#define STDC_HEADERS 1
#define HAVE_SYS_TYPES_H 1
#define HAVE_SYS_STAT_H 1
#define HAVE_STDLIB_H 1
#define HAVE_STRING_H 1
#define HAVE_MEMORY_H 1
#define HAVE_STRINGS_H 1
#define HAVE_INTTYPES_H 1
#define HAVE_STDINT_H 1
#define HAVE_UNISTD_H 1
#define HAVE_DLFCN_H 1
#define LT_OBJDIR ".libs/"
#define HAVE_SYS_TYPES_H 1
#define HAVE_UNISTD_H 1
#define HAVE_FCNTL_H 1
#define HAVE_STRINGS_H 1
#define HAVE_PTHREAD_H 1
#define HAVE_TIME_H 1
#define HAVE_ERRNO_H 1
#define HAVE_STDARG_H 1
#define HAVE_LIMITS_H 1
#define HAVE_SIGNAL_H 1
#define HAVE_STDLIB_H 1
#define HAVE_INTTYPES_H 1
#define HAVE_MATH_H 1
#define HAVE_LIBPTHREAD 1

configure: exit 0

## ---------------------- ##
## Running config.status. ##
## ---------------------- ##

This file was extended by INF2610-LAB3 config.status 3.0, which was
generated by GNU Autoconf 2.69.  Invocation command line was

  CONFIG_FILES    = 
  CONFIG_HEADERS  = 
  CONFIG_LINKS    = 
  CONFIG_COMMANDS = 
  $ ./config.status 

on l4714-15.info.polymtl.ca

config.status:1161: creating Makefile
config.status:1161: creating pagedump/Makefile
config.status:1161: creating maps/Makefile
config.status:1161: creating randaddr/Makefile
config.status:1161: creating bugs/Makefile
config.status:1161: creating config.h
config.status:1342: config.h is unchanged
config.status:1390: executing depfiles commands
config.status:1390: executing libtool commands
