This file contains any messages produced by compilers while
running configure, to aid debugging if configure makes a mistake.

It was created by INF2610-LAB1 configure 2.3, which was
generated by GNU Autoconf 2.69.  Invocation command line was

  $ ./configure PKG_CONFIG_PATH=/usr/lib64/mpich/lib/pkgconfig --no-create --no-recursion

## --------- ##
## Platform. ##
## --------- ##

hostname = l4714-02.info.polymtl.ca
uname -m = x86_64
uname -r = 4.14.11-200.fc26.x86_64
uname -s = Linux
uname -v = #1 SMP Wed Jan 3 13:58:53 UTC 2018

/usr/bin/uname -p = x86_64
/bin/uname -X     = unknown

/bin/arch              = x86_64
/usr/bin/arch -k       = unknown
/usr/convex/getsysinfo = unknown
/usr/bin/hostinfo      = unknown
/bin/machine           = unknown
/usr/bin/oslevel       = unknown
/bin/universe          = unknown

PATH: /usr/local/cours/HACK/idea-IC-171.4249.39/bin
PATH: /opt/cuda-8.0/bin
PATH: /usr/local/cours/HACK/idea-IC-171.4249.39/bin
PATH: /usr/lib64/qt-3.3/bin
PATH: /usr/lib64/mpich/bin
PATH: /opt/cuda-8.0/bin
PATH: /usr/local/bin
PATH: /usr/bin
PATH: /bin
PATH: /usr/local/sbin
PATH: /usr/sbin
PATH: /opt/java/jdk8.x86_64/bin
PATH: /opt/MATLAB/R2017a/bin
PATH: /opt/pycharm-edu-3.0/bin
PATH: /usr/local/CPNTools/bin
PATH: /usr/local/openclcc/bin
PATH: /usr/local/cours/inf1995/bin
PATH: /usr/local/cours/INF6410/bin
PATH: /usr/local/cours/INF6603/bin
PATH: /usr/local/cours/inf6802/bin
PATH: /usr/local/cours/JohnMullins/bin
PATH: /usr/local/cours/LOG1000/bin
PATH: /usr/local/cours/LOG4420/bin
PATH: /usr/local/cours/INF2610/lttng/bin
PATH: /usr/local/cours/INF2610/workload-kit-0.1.16/bin
PATH: /usr/local/cours/INF2610/lttv/bin
PATH: /usr/local/cours/INF2610/trace-compass
PATH: /usr/local/cours/INF6101/MiniZinc
PATH: /usr/local/cours/INF6603/CPAchecker-1.3.4-unix/scripts
PATH: /usr/local/cours/INF6603/llbmc-2013.1-Linux_64/bin
PATH: /usr/local/cours/INF6603/uppaal64-4.1.19
PATH: /usr/local/cours/INF6603/uppaal-tiga-0.18
PATH: /usr/local/cours/LOG1000/pmccabe/usr/bin
PATH: /usr/local/cours/LOG6605/prism-4.3-linux64/bin
PATH: /opt/java/jdk8.x86_64/bin
PATH: /opt/MATLAB/R2017a/bin
PATH: /opt/pycharm-edu-3.0/bin
PATH: /usr/local/CPNTools/bin
PATH: /usr/local/openclcc/bin
PATH: /usr/local/cours/inf1995/bin
PATH: /usr/local/cours/INF6410/bin
PATH: /usr/local/cours/INF6603/bin
PATH: /usr/local/cours/inf6802/bin
PATH: /usr/local/cours/JohnMullins/bin
PATH: /usr/local/cours/LOG1000/bin
PATH: /usr/local/cours/LOG4420/bin
PATH: /usr/local/cours/INF2610/lttng/bin
PATH: /usr/local/cours/INF2610/workload-kit-0.1.16/bin
PATH: /usr/local/cours/INF2610/lttv/bin
PATH: /usr/local/cours/INF2610/trace-compass
PATH: /usr/local/cours/INF6101/MiniZinc
PATH: /usr/local/cours/INF6603/CPAchecker-1.3.4-unix/scripts
PATH: /usr/local/cours/INF6603/llbmc-2013.1-Linux_64/bin
PATH: /usr/local/cours/INF6603/uppaal64-4.1.19
PATH: /usr/local/cours/INF6603/uppaal-tiga-0.18
PATH: /usr/local/cours/LOG1000/pmccabe/usr/bin
PATH: /usr/local/cours/LOG6605/prism-4.3-linux64/bin


## ----------- ##
## Core tests. ##
## ----------- ##

configure:2407: checking for a BSD-compatible install
configure:2475: result: /usr/bin/install -c
configure:2486: checking whether build environment is sane
configure:2541: result: yes
configure:2692: checking for a thread-safe mkdir -p
configure:2731: result: /usr/bin/mkdir -p
configure:2738: checking for gawk
configure:2754: found /usr/bin/gawk
configure:2765: result: gawk
configure:2776: checking whether make sets $(MAKE)
configure:2798: result: yes
configure:2827: checking whether make supports nested variables
configure:2844: result: yes
configure:3000: checking build system type
configure:3014: result: x86_64-unknown-linux-gnu
configure:3034: checking host system type
configure:3047: result: x86_64-unknown-linux-gnu
configure:3088: checking how to print strings
configure:3115: result: printf
configure:3148: checking for style of include used by make
configure:3176: result: GNU
configure:3247: checking for gcc
configure:3263: found /usr/bin/gcc
configure:3274: result: gcc
configure:3503: checking for C compiler version
configure:3512: gcc --version >&5
gcc (GCC) 7.2.1 20170915 (Red Hat 7.2.1-2)
Copyright (C) 2017 Free Software Foundation, Inc.
This is free software; see the source for copying conditions.  There is NO
warranty; not even for MERCHANTABILITY or FITNESS FOR A PARTICULAR PURPOSE.

configure:3523: $? = 0
configure:3512: gcc -v >&5
Using built-in specs.
COLLECT_GCC=gcc
COLLECT_LTO_WRAPPER=/usr/libexec/gcc/x86_64-redhat-linux/7/lto-wrapper
OFFLOAD_TARGET_NAMES=nvptx-none
OFFLOAD_TARGET_DEFAULT=1
Target: x86_64-redhat-linux
Configured with: ../configure --enable-bootstrap --enable-languages=c,c++,objc,obj-c++,fortran,ada,go,lto --prefix=/usr --mandir=/usr/share/man --infodir=/usr/share/info --with-bugurl=http://bugzilla.redhat.com/bugzilla --enable-shared --enable-threads=posix --enable-checking=release --enable-multilib --with-system-zlib --enable-__cxa_atexit --disable-libunwind-exceptions --enable-gnu-unique-object --enable-linker-build-id --with-gcc-major-version-only --with-linker-hash-style=gnu --enable-plugin --enable-initfini-array --with-isl --enable-libmpx --enable-offload-targets=nvptx-none --without-cuda-driver --enable-gnu-indirect-function --with-tune=generic --with-arch_32=i686 --build=x86_64-redhat-linux
Thread model: posix
gcc version 7.2.1 20170915 (Red Hat 7.2.1-2) (GCC) 
configure:3523: $? = 0
configure:3512: gcc -V >&5
gcc: error: unrecognized command line option '-V'
gcc: fatal error: no input files
compilation terminated.
configure:3523: $? = 1
configure:3512: gcc -qversion >&5
gcc: error: unrecognized command line option '-qversion'; did you mean '--version'?
gcc: fatal error: no input files
compilation terminated.
configure:3523: $? = 1
configure:3543: checking whether the C compiler works
configure:3565: gcc    conftest.c  >&5
configure:3569: $? = 0
configure:3617: result: yes
configure:3620: checking for C compiler default output file name
configure:3622: result: a.out
configure:3628: checking for suffix of executables
configure:3635: gcc -o conftest    conftest.c  >&5
configure:3639: $? = 0
configure:3661: result: 
configure:3683: checking whether we are cross compiling
configure:3691: gcc -o conftest    conftest.c  >&5
configure:3695: $? = 0
configure:3702: ./conftest
configure:3706: $? = 0
configure:3721: result: no
configure:3726: checking for suffix of object files
configure:3748: gcc -c   conftest.c >&5
configure:3752: $? = 0
configure:3773: result: o
configure:3777: checking whether we are using the GNU C compiler
configure:3796: gcc -c   conftest.c >&5
configure:3796: $? = 0
configure:3805: result: yes
configure:3814: checking whether gcc accepts -g
configure:3834: gcc -c -g  conftest.c >&5
configure:3834: $? = 0
configure:3875: result: yes
configure:3892: checking for gcc option to accept ISO C89
configure:3955: gcc  -c -g -O2  conftest.c >&5
configure:3955: $? = 0
configure:3968: result: none needed
configure:3993: checking whether gcc understands -c and -o together
configure:4015: gcc -c conftest.c -o conftest2.o
configure:4018: $? = 0
configure:4015: gcc -c conftest.c -o conftest2.o
configure:4018: $? = 0
configure:4030: result: yes
configure:4049: checking dependency style of gcc
configure:4160: result: gcc3
configure:4175: checking for a sed that does not truncate output
configure:4239: result: /usr/bin/sed
configure:4257: checking for grep that handles long lines and -e
configure:4315: result: /usr/bin/grep
configure:4320: checking for egrep
configure:4382: result: /usr/bin/grep -E
configure:4387: checking for fgrep
configure:4449: result: /usr/bin/grep -F
configure:4484: checking for ld used by gcc
configure:4551: result: /usr/bin/ld
configure:4558: checking if the linker (/usr/bin/ld) is GNU ld
configure:4573: result: yes
configure:4585: checking for BSD- or MS-compatible name lister (nm)
configure:4634: result: /usr/bin/nm -B
configure:4764: checking the name lister (/usr/bin/nm -B) interface
configure:4771: gcc -c -g -O2  conftest.c >&5
configure:4774: /usr/bin/nm -B "conftest.o"
configure:4777: output
0000000000000000 B some_variable
configure:4784: result: BSD nm
configure:4787: checking whether ln -s works
configure:4791: result: yes
configure:4799: checking the maximum length of command line arguments
configure:4930: result: 1572864
configure:4947: checking whether the shell understands some XSI constructs
configure:4957: result: yes
configure:4961: checking whether the shell understands "+="
configure:4967: result: yes
configure:5002: checking how to convert x86_64-unknown-linux-gnu file names to x86_64-unknown-linux-gnu format
configure:5042: result: func_convert_file_noop
configure:5049: checking how to convert x86_64-unknown-linux-gnu file names to toolchain format
configure:5069: result: func_convert_file_noop
configure:5076: checking for /usr/bin/ld option to reload object files
configure:5083: result: -r
configure:5157: checking for objdump
configure:5173: found /usr/bin/objdump
configure:5184: result: objdump
configure:5216: checking how to recognize dependent libraries
configure:5414: result: pass_all
configure:5499: checking for dlltool
configure:5529: result: no
configure:5559: checking how to associate runtime and link libraries
configure:5586: result: printf %s\n
configure:5647: checking for ar
configure:5663: found /usr/bin/ar
configure:5674: result: ar
configure:5711: checking for archiver @FILE support
configure:5728: gcc -c -g -O2  conftest.c >&5
configure:5728: $? = 0
configure:5731: ar cru libconftest.a @conftest.lst >&5
configure:5734: $? = 0
configure:5739: ar cru libconftest.a @conftest.lst >&5
ar: conftest.o: No such file or directory
configure:5742: $? = 1
configure:5754: result: @
configure:5812: checking for strip
configure:5828: found /usr/bin/strip
configure:5839: result: strip
configure:5911: checking for ranlib
configure:5927: found /usr/bin/ranlib
configure:5938: result: ranlib
configure:6040: checking command to parse /usr/bin/nm -B output from gcc object
configure:6160: gcc -c -g -O2  conftest.c >&5
configure:6163: $? = 0
configure:6167: /usr/bin/nm -B conftest.o \| sed -n -e 's/^.*[ ]\([ABCDGIRSTW][ABCDGIRSTW]*\)[ ][ ]*\([_A-Za-z][_A-Za-z0-9]*\)$/\1 \2 \2/p' | sed '/ __gnu_lto/d' \> conftest.nm
configure:6170: $? = 0
configure:6236: gcc -o conftest -g -O2   conftest.c conftstm.o >&5
configure:6239: $? = 0
configure:6277: result: ok
configure:6314: checking for sysroot
configure:6344: result: no
configure:6421: gcc -c -g -O2  conftest.c >&5
configure:6424: $? = 0
configure:6613: checking for mt
configure:6643: result: no
configure:6663: checking if : is a manifest tool
configure:6669: : '-?'
configure:6677: result: no
configure:7319: checking how to run the C preprocessor
configure:7350: gcc -E  conftest.c
configure:7350: $? = 0
configure:7364: gcc -E  conftest.c
conftest.c:11:10: fatal error: ac_nonexistent.h: No such file or directory
 #include <ac_nonexistent.h>
          ^~~~~~~~~~~~~~~~~~
compilation terminated.
configure:7364: $? = 1
configure: failed program was:
| /* confdefs.h */
| #define PACKAGE_NAME "INF2610-LAB1"
| #define PACKAGE_TARNAME "inf2610-lab1"
| #define PACKAGE_VERSION "2.3"
| #define PACKAGE_STRING "INF2610-LAB1 2.3"
| #define PACKAGE_BUGREPORT ""
| #define PACKAGE_URL ""
| #define PACKAGE "inf2610-lab1"
| #define VERSION "2.3"
| /* end confdefs.h.  */
| #include <ac_nonexistent.h>
configure:7389: result: gcc -E
configure:7409: gcc -E  conftest.c
configure:7409: $? = 0
configure:7423: gcc -E  conftest.c
conftest.c:11:10: fatal error: ac_nonexistent.h: No such file or directory
 #include <ac_nonexistent.h>
          ^~~~~~~~~~~~~~~~~~
compilation terminated.
configure:7423: $? = 1
configure: failed program was:
| /* confdefs.h */
| #define PACKAGE_NAME "INF2610-LAB1"
| #define PACKAGE_TARNAME "inf2610-lab1"
| #define PACKAGE_VERSION "2.3"
| #define PACKAGE_STRING "INF2610-LAB1 2.3"
| #define PACKAGE_BUGREPORT ""
| #define PACKAGE_URL ""
| #define PACKAGE "inf2610-lab1"
| #define VERSION "2.3"
| /* end confdefs.h.  */
| #include <ac_nonexistent.h>
configure:7452: checking for ANSI C header files
configure:7472: gcc -c -g -O2  conftest.c >&5
configure:7472: $? = 0
configure:7545: gcc -o conftest -g -O2   conftest.c  >&5
configure:7545: $? = 0
configure:7545: ./conftest
configure:7545: $? = 0
configure:7556: result: yes
configure:7569: checking for sys/types.h
configure:7569: gcc -c -g -O2  conftest.c >&5
configure:7569: $? = 0
configure:7569: result: yes
configure:7569: checking for sys/stat.h
configure:7569: gcc -c -g -O2  conftest.c >&5
configure:7569: $? = 0
configure:7569: result: yes
configure:7569: checking for stdlib.h
configure:7569: gcc -c -g -O2  conftest.c >&5
configure:7569: $? = 0
configure:7569: result: yes
configure:7569: checking for string.h
configure:7569: gcc -c -g -O2  conftest.c >&5
configure:7569: $? = 0
configure:7569: result: yes
configure:7569: checking for memory.h
configure:7569: gcc -c -g -O2  conftest.c >&5
configure:7569: $? = 0
configure:7569: result: yes
configure:7569: checking for strings.h
configure:7569: gcc -c -g -O2  conftest.c >&5
configure:7569: $? = 0
configure:7569: result: yes
configure:7569: checking for inttypes.h
configure:7569: gcc -c -g -O2  conftest.c >&5
configure:7569: $? = 0
configure:7569: result: yes
configure:7569: checking for stdint.h
configure:7569: gcc -c -g -O2  conftest.c >&5
configure:7569: $? = 0
configure:7569: result: yes
configure:7569: checking for unistd.h
configure:7569: gcc -c -g -O2  conftest.c >&5
configure:7569: $? = 0
configure:7569: result: yes
configure:7583: checking for dlfcn.h
configure:7583: gcc -c -g -O2  conftest.c >&5
configure:7583: $? = 0
configure:7583: result: yes
configure:7789: checking for objdir
configure:7804: result: .libs
configure:8075: checking if gcc supports -fno-rtti -fno-exceptions
configure:8093: gcc -c -g -O2  -fno-rtti -fno-exceptions conftest.c >&5
cc1: warning: command line option '-fno-rtti' is valid for C++/ObjC++ but not for C
configure:8097: $? = 0
configure:8110: result: no
configure:8437: checking for gcc option to produce PIC
configure:8444: result: -fPIC -DPIC
configure:8452: checking if gcc PIC flag -fPIC -DPIC works
configure:8470: gcc -c -g -O2  -fPIC -DPIC -DPIC conftest.c >&5
configure:8474: $? = 0
configure:8487: result: yes
configure:8516: checking if gcc static flag -static works
configure:8544: result: yes
configure:8559: checking if gcc supports -c -o file.o
configure:8580: gcc -c -g -O2  -o out/conftest2.o conftest.c >&5
configure:8584: $? = 0
configure:8606: result: yes
configure:8614: checking if gcc supports -c -o file.o
configure:8661: result: yes
configure:8694: checking whether the gcc linker (/usr/bin/ld -m elf_x86_64) supports shared libraries
configure:9851: result: yes
configure:9888: checking whether -lc should be explicitly linked in
configure:9896: gcc -c -g -O2  conftest.c >&5
configure:9899: $? = 0
configure:9914: gcc -shared  -fPIC -DPIC conftest.o  -v -Wl,-soname -Wl,conftest -o conftest 2\>\&1 \| /usr/bin/grep  -lc  \>/dev/null 2\>\&1
configure:9917: $? = 0
configure:9931: result: no
configure:10091: checking dynamic linker characteristics
configure:10591: gcc -o conftest -g -O2   -Wl,-rpath -Wl,/foo conftest.c  >&5
configure:10591: $? = 0
configure:10825: result: GNU/Linux ld.so
configure:10932: checking how to hardcode library paths into programs
configure:10957: result: immediate
configure:11497: checking whether stripping libraries is possible
configure:11502: result: yes
configure:11537: checking if libtool supports shared libraries
configure:11539: result: yes
configure:11542: checking whether to build shared libraries
configure:11563: result: yes
configure:11566: checking whether to build static libraries
configure:11570: result: yes
configure:11611: checking for sys/types.h
configure:11611: result: yes
configure:11611: checking for unistd.h
configure:11611: result: yes
configure:11611: checking fcntl.h usability
configure:11611: gcc -c -g -O2  conftest.c >&5
configure:11611: $? = 0
configure:11611: result: yes
configure:11611: checking fcntl.h presence
configure:11611: gcc -E  conftest.c
configure:11611: $? = 0
configure:11611: result: yes
configure:11611: checking for fcntl.h
configure:11611: result: yes
configure:11611: checking for strings.h
configure:11611: result: yes
configure:11611: checking pthread.h usability
configure:11611: gcc -c -g -O2  conftest.c >&5
configure:11611: $? = 0
configure:11611: result: yes
configure:11611: checking pthread.h presence
configure:11611: gcc -E  conftest.c
configure:11611: $? = 0
configure:11611: result: yes
configure:11611: checking for pthread.h
configure:11611: result: yes
configure:11611: checking time.h usability
configure:11611: gcc -c -g -O2  conftest.c >&5
configure:11611: $? = 0
configure:11611: result: yes
configure:11611: checking time.h presence
configure:11611: gcc -E  conftest.c
configure:11611: $? = 0
configure:11611: result: yes
configure:11611: checking for time.h
configure:11611: result: yes
configure:11611: checking errno.h usability
configure:11611: gcc -c -g -O2  conftest.c >&5
configure:11611: $? = 0
configure:11611: result: yes
configure:11611: checking errno.h presence
configure:11611: gcc -E  conftest.c
configure:11611: $? = 0
configure:11611: result: yes
configure:11611: checking for errno.h
configure:11611: result: yes
configure:11611: checking stdarg.h usability
configure:11611: gcc -c -g -O2  conftest.c >&5
configure:11611: $? = 0
configure:11611: result: yes
configure:11611: checking stdarg.h presence
configure:11611: gcc -E  conftest.c
configure:11611: $? = 0
configure:11611: result: yes
configure:11611: checking for stdarg.h
configure:11611: result: yes
configure:11611: checking limits.h usability
configure:11611: gcc -c -g -O2  conftest.c >&5
configure:11611: $? = 0
configure:11611: result: yes
configure:11611: checking limits.h presence
configure:11611: gcc -E  conftest.c
configure:11611: $? = 0
configure:11611: result: yes
configure:11611: checking for limits.h
configure:11611: result: yes
configure:11611: checking signal.h usability
configure:11611: gcc -c -g -O2  conftest.c >&5
configure:11611: $? = 0
configure:11611: result: yes
configure:11611: checking signal.h presence
configure:11611: gcc -E  conftest.c
configure:11611: $? = 0
configure:11611: result: yes
configure:11611: checking for signal.h
configure:11611: result: yes
configure:11611: checking for stdlib.h
configure:11611: result: yes
configure:11624: checking for inttypes.h
configure:11624: result: yes
configure:11624: checking math.h usability
configure:11624: gcc -c -g -O2  conftest.c >&5
configure:11624: $? = 0
configure:11624: result: yes
configure:11624: checking math.h presence
configure:11624: gcc -E  conftest.c
configure:11624: $? = 0
configure:11624: result: yes
configure:11624: checking for math.h
configure:11624: result: yes
configure:11634: checking for pthread_create in -lpthread
configure:11659: gcc -o conftest -g -O2   conftest.c -lpthread   >&5
configure:11659: $? = 0
configure:11668: result: yes
configure:11687: checking for GNU Pth
configure:11983: gcc -E   conftest.c
configure:11983: $? = 0
configure:12040: gcc -o conftest -g -O2      conftest.c -lpthread  -lpth -ldl -lnsl >&5
conftest.c: In function 'main':
conftest.c:47:17: warning: implicit declaration of function 'exit' [-Wimplicit-function-declaration]
                 exit(1);
                 ^~~~
conftest.c:47:17: warning: incompatible implicit declaration of built-in function 'exit'
conftest.c:47:17: note: include '<stdlib.h>' or provide a declaration of 'exit'
conftest.c:53:17: warning: incompatible implicit declaration of built-in function 'exit'
                 exit(1);
                 ^~~~
conftest.c:53:17: note: include '<stdlib.h>' or provide a declaration of 'exit'
conftest.c:56:13: warning: incompatible implicit declaration of built-in function 'exit'
             exit(0);
             ^~~~
conftest.c:56:13: note: include '<stdlib.h>' or provide a declaration of 'exit'
configure:12040: $? = 0
configure:12096: gcc -o conftest -g -O2      conftest.c -lpthread  -lpth -ldl -lnsl >&5
conftest.c: In function 'main':
conftest.c:43:17: warning: implicit declaration of function 'exit' [-Wimplicit-function-declaration]
                 exit(1);
                 ^~~~
conftest.c:43:17: warning: incompatible implicit declaration of built-in function 'exit'
conftest.c:43:17: note: include '<stdlib.h>' or provide a declaration of 'exit'
conftest.c:49:17: warning: incompatible implicit declaration of built-in function 'exit'
                 exit(1);
                 ^~~~
conftest.c:49:17: note: include '<stdlib.h>' or provide a declaration of 'exit'
conftest.c:52:13: warning: incompatible implicit declaration of built-in function 'exit'
             exit(0);
             ^~~~
conftest.c:52:13: note: include '<stdlib.h>' or provide a declaration of 'exit'
configure:12096: $? = 0
configure:12096: ./conftest
configure:12096: $? = 0
configure:12206: result: version 2.0.7, installed under /usr
configure:12269: checking for pkg-config
configure:12287: found /usr/bin/pkg-config
configure:12299: result: /usr/bin/pkg-config
configure:12324: checking pkg-config is at least version 0.9.0
configure:12327: result: yes
configure:12337: checking for GLIB
configure:12344: $PKG_CONFIG --exists --print-errors "glib-2.0"
configure:12347: $? = 0
configure:12361: $PKG_CONFIG --exists --print-errors "glib-2.0"
configure:12364: $? = 0
configure:12422: result: yes
configure:12439: checking whether make supports nested variables
configure:12456: result: yes
configure:12519: checking for gcc
configure:12546: result: gcc
configure:12775: checking for C compiler version
configure:12784: gcc --version >&5
gcc (GCC) 7.2.1 20170915 (Red Hat 7.2.1-2)
Copyright (C) 2017 Free Software Foundation, Inc.
This is free software; see the source for copying conditions.  There is NO
warranty; not even for MERCHANTABILITY or FITNESS FOR A PARTICULAR PURPOSE.

configure:12795: $? = 0
configure:12784: gcc -v >&5
Using built-in specs.
COLLECT_GCC=gcc
COLLECT_LTO_WRAPPER=/usr/libexec/gcc/x86_64-redhat-linux/7/lto-wrapper
OFFLOAD_TARGET_NAMES=nvptx-none
OFFLOAD_TARGET_DEFAULT=1
Target: x86_64-redhat-linux
Configured with: ../configure --enable-bootstrap --enable-languages=c,c++,objc,obj-c++,fortran,ada,go,lto --prefix=/usr --mandir=/usr/share/man --infodir=/usr/share/info --with-bugurl=http://bugzilla.redhat.com/bugzilla --enable-shared --enable-threads=posix --enable-checking=release --enable-multilib --with-system-zlib --enable-__cxa_atexit --disable-libunwind-exceptions --enable-gnu-unique-object --enable-linker-build-id --with-gcc-major-version-only --with-linker-hash-style=gnu --enable-plugin --enable-initfini-array --with-isl --enable-libmpx --enable-offload-targets=nvptx-none --without-cuda-driver --enable-gnu-indirect-function --with-tune=generic --with-arch_32=i686 --build=x86_64-redhat-linux
Thread model: posix
gcc version 7.2.1 20170915 (Red Hat 7.2.1-2) (GCC) 
configure:12795: $? = 0
configure:12784: gcc -V >&5
gcc: error: unrecognized command line option '-V'
gcc: fatal error: no input files
compilation terminated.
configure:12795: $? = 1
configure:12784: gcc -qversion >&5
gcc: error: unrecognized command line option '-qversion'; did you mean '--version'?
gcc: fatal error: no input files
compilation terminated.
configure:12795: $? = 1
configure:12799: checking whether we are using the GNU C compiler
configure:12827: result: yes
configure:12836: checking whether gcc accepts -g
configure:12897: result: yes
configure:12914: checking for gcc option to accept ISO C89
configure:12990: result: none needed
configure:13015: checking whether gcc understands -c and -o together
configure:13052: result: yes
configure:13071: checking dependency style of gcc
configure:13182: result: gcc3
configure:13255: checking for g++
configure:13271: found /usr/bin/g++
configure:13282: result: g++
configure:13309: checking for C++ compiler version
configure:13318: g++ --version >&5
g++ (GCC) 7.2.1 20170915 (Red Hat 7.2.1-2)
Copyright (C) 2017 Free Software Foundation, Inc.
This is free software; see the source for copying conditions.  There is NO
warranty; not even for MERCHANTABILITY or FITNESS FOR A PARTICULAR PURPOSE.

configure:13329: $? = 0
configure:13318: g++ -v >&5
Using built-in specs.
COLLECT_GCC=g++
COLLECT_LTO_WRAPPER=/usr/libexec/gcc/x86_64-redhat-linux/7/lto-wrapper
OFFLOAD_TARGET_NAMES=nvptx-none
OFFLOAD_TARGET_DEFAULT=1
Target: x86_64-redhat-linux
Configured with: ../configure --enable-bootstrap --enable-languages=c,c++,objc,obj-c++,fortran,ada,go,lto --prefix=/usr --mandir=/usr/share/man --infodir=/usr/share/info --with-bugurl=http://bugzilla.redhat.com/bugzilla --enable-shared --enable-threads=posix --enable-checking=release --enable-multilib --with-system-zlib --enable-__cxa_atexit --disable-libunwind-exceptions --enable-gnu-unique-object --enable-linker-build-id --with-gcc-major-version-only --with-linker-hash-style=gnu --enable-plugin --enable-initfini-array --with-isl --enable-libmpx --enable-offload-targets=nvptx-none --without-cuda-driver --enable-gnu-indirect-function --with-tune=generic --with-arch_32=i686 --build=x86_64-redhat-linux
Thread model: posix
gcc version 7.2.1 20170915 (Red Hat 7.2.1-2) (GCC) 
configure:13329: $? = 0
configure:13318: g++ -V >&5
g++: error: unrecognized command line option '-V'
g++: fatal error: no input files
compilation terminated.
configure:13329: $? = 1
configure:13318: g++ -qversion >&5
g++: error: unrecognized command line option '-qversion'; did you mean '--version'?
g++: fatal error: no input files
compilation terminated.
configure:13329: $? = 1
configure:13333: checking whether we are using the GNU C++ compiler
configure:13352: g++ -c    conftest.cpp >&5
configure:13352: $? = 0
configure:13361: result: yes
configure:13370: checking whether g++ accepts -g
configure:13390: g++ -c -g   conftest.cpp >&5
configure:13390: $? = 0
configure:13431: result: yes
configure:13456: checking dependency style of g++
configure:13567: result: gcc3
configure:13600: checking how to run the C++ preprocessor
configure:13627: g++ -E   conftest.cpp
configure:13627: $? = 0
configure:13641: g++ -E   conftest.cpp
conftest.cpp:37:10: fatal error: ac_nonexistent.h: No such file or directory
 #include <ac_nonexistent.h>
          ^~~~~~~~~~~~~~~~~~
compilation terminated.
configure:13641: $? = 1
configure: failed program was:
| /* confdefs.h */
| #define PACKAGE_NAME "INF2610-LAB1"
| #define PACKAGE_TARNAME "inf2610-lab1"
| #define PACKAGE_VERSION "2.3"
| #define PACKAGE_STRING "INF2610-LAB1 2.3"
| #define PACKAGE_BUGREPORT ""
| #define PACKAGE_URL ""
| #define PACKAGE "inf2610-lab1"
| #define VERSION "2.3"
| #define STDC_HEADERS 1
| #define HAVE_SYS_TYPES_H 1
| #define HAVE_SYS_STAT_H 1
| #define HAVE_STDLIB_H 1
| #define HAVE_STRING_H 1
| #define HAVE_MEMORY_H 1
| #define HAVE_STRINGS_H 1
| #define HAVE_INTTYPES_H 1
| #define HAVE_STDINT_H 1
| #define HAVE_UNISTD_H 1
| #define HAVE_DLFCN_H 1
| #define LT_OBJDIR ".libs/"
| #define HAVE_SYS_TYPES_H 1
| #define HAVE_UNISTD_H 1
| #define HAVE_FCNTL_H 1
| #define HAVE_STRINGS_H 1
| #define HAVE_PTHREAD_H 1
| #define HAVE_TIME_H 1
| #define HAVE_ERRNO_H 1
| #define HAVE_STDARG_H 1
| #define HAVE_LIMITS_H 1
| #define HAVE_SIGNAL_H 1
| #define HAVE_STDLIB_H 1
| #define HAVE_INTTYPES_H 1
| #define HAVE_MATH_H 1
| #define HAVE_LIBPTHREAD 1
| /* end confdefs.h.  */
| #include <ac_nonexistent.h>
configure:13666: result: g++ -E
configure:13686: g++ -E   conftest.cpp
configure:13686: $? = 0
configure:13700: g++ -E   conftest.cpp
conftest.cpp:37:10: fatal error: ac_nonexistent.h: No such file or directory
 #include <ac_nonexistent.h>
          ^~~~~~~~~~~~~~~~~~
compilation terminated.
configure:13700: $? = 1
configure: failed program was:
| /* confdefs.h */
| #define PACKAGE_NAME "INF2610-LAB1"
| #define PACKAGE_TARNAME "inf2610-lab1"
| #define PACKAGE_VERSION "2.3"
| #define PACKAGE_STRING "INF2610-LAB1 2.3"
| #define PACKAGE_BUGREPORT ""
| #define PACKAGE_URL ""
| #define PACKAGE "inf2610-lab1"
| #define VERSION "2.3"
| #define STDC_HEADERS 1
| #define HAVE_SYS_TYPES_H 1
| #define HAVE_SYS_STAT_H 1
| #define HAVE_STDLIB_H 1
| #define HAVE_STRING_H 1
| #define HAVE_MEMORY_H 1
| #define HAVE_STRINGS_H 1
| #define HAVE_INTTYPES_H 1
| #define HAVE_STDINT_H 1
| #define HAVE_UNISTD_H 1
| #define HAVE_DLFCN_H 1
| #define LT_OBJDIR ".libs/"
| #define HAVE_SYS_TYPES_H 1
| #define HAVE_UNISTD_H 1
| #define HAVE_FCNTL_H 1
| #define HAVE_STRINGS_H 1
| #define HAVE_PTHREAD_H 1
| #define HAVE_TIME_H 1
| #define HAVE_ERRNO_H 1
| #define HAVE_STDARG_H 1
| #define HAVE_LIMITS_H 1
| #define HAVE_SIGNAL_H 1
| #define HAVE_STDLIB_H 1
| #define HAVE_INTTYPES_H 1
| #define HAVE_MATH_H 1
| #define HAVE_LIBPTHREAD 1
| /* end confdefs.h.  */
| #include <ac_nonexistent.h>
configure:13869: checking for ld used by g++
configure:13936: result: /usr/bin/ld -m elf_x86_64
configure:13943: checking if the linker (/usr/bin/ld -m elf_x86_64) is GNU ld
configure:13958: result: yes
configure:14013: checking whether the g++ linker (/usr/bin/ld -m elf_x86_64) supports shared libraries
configure:15015: result: yes
configure:15051: g++ -c -g -O2   conftest.cpp >&5
configure:15054: $? = 0
configure:15574: checking for g++ option to produce PIC
configure:15581: result: -fPIC -DPIC
configure:15589: checking if g++ PIC flag -fPIC -DPIC works
configure:15607: g++ -c -g -O2   -fPIC -DPIC -DPIC conftest.cpp >&5
configure:15611: $? = 0
configure:15624: result: yes
configure:15647: checking if g++ static flag -static works
configure:15675: result: no
configure:15687: checking if g++ supports -c -o file.o
configure:15708: g++ -c -g -O2   -o out/conftest2.o conftest.cpp >&5
configure:15712: $? = 0
configure:15734: result: yes
configure:15739: checking if g++ supports -c -o file.o
configure:15786: result: yes
configure:15816: checking whether the g++ linker (/usr/bin/ld -m elf_x86_64) supports shared libraries
configure:15855: result: yes
configure:15996: checking dynamic linker characteristics
configure:16664: result: GNU/Linux ld.so
configure:16717: checking how to hardcode library paths into programs
configure:16742: result: immediate
configure:16826: checking for ranlib
configure:16853: result: ranlib
configure:16985: checking that generated files are newer than configure
configure:16991: result: done
configure:17022: creating ./config.status

## ---------------- ##
## Cache variables. ##
## ---------------- ##

ac_cv_build=x86_64-unknown-linux-gnu
ac_cv_c_compiler_gnu=yes
ac_cv_cxx_compiler_gnu=yes
ac_cv_env_CCC_set=
ac_cv_env_CCC_value=
ac_cv_env_CC_set=
ac_cv_env_CC_value=
ac_cv_env_CFLAGS_set=
ac_cv_env_CFLAGS_value=
ac_cv_env_CPPFLAGS_set=
ac_cv_env_CPPFLAGS_value=
ac_cv_env_CPP_set=
ac_cv_env_CPP_value=
ac_cv_env_CXXCPP_set=
ac_cv_env_CXXCPP_value=
ac_cv_env_CXXFLAGS_set=
ac_cv_env_CXXFLAGS_value=
ac_cv_env_CXX_set=
ac_cv_env_CXX_value=
ac_cv_env_GLIB_CFLAGS_set=
ac_cv_env_GLIB_CFLAGS_value=
ac_cv_env_GLIB_LIBS_set=
ac_cv_env_GLIB_LIBS_value=
ac_cv_env_LDFLAGS_set=
ac_cv_env_LDFLAGS_value=
ac_cv_env_LIBS_set=
ac_cv_env_LIBS_value=
ac_cv_env_PKG_CONFIG_LIBDIR_set=
ac_cv_env_PKG_CONFIG_LIBDIR_value=
ac_cv_env_PKG_CONFIG_PATH_set=set
ac_cv_env_PKG_CONFIG_PATH_value=/usr/lib64/mpich/lib/pkgconfig
ac_cv_env_PKG_CONFIG_set=
ac_cv_env_PKG_CONFIG_value=
ac_cv_env_build_alias_set=
ac_cv_env_build_alias_value=
ac_cv_env_host_alias_set=
ac_cv_env_host_alias_value=
ac_cv_env_target_alias_set=
ac_cv_env_target_alias_value=
ac_cv_header_dlfcn_h=yes
ac_cv_header_errno_h=yes
ac_cv_header_fcntl_h=yes
ac_cv_header_inttypes_h=yes
ac_cv_header_limits_h=yes
ac_cv_header_math_h=yes
ac_cv_header_memory_h=yes
ac_cv_header_pthread_h=yes
ac_cv_header_signal_h=yes
ac_cv_header_stdarg_h=yes
ac_cv_header_stdc=yes
ac_cv_header_stdint_h=yes
ac_cv_header_stdlib_h=yes
ac_cv_header_string_h=yes
ac_cv_header_strings_h=yes
ac_cv_header_sys_stat_h=yes
ac_cv_header_sys_types_h=yes
ac_cv_header_time_h=yes
ac_cv_header_unistd_h=yes
ac_cv_host=x86_64-unknown-linux-gnu
ac_cv_lib_pthread_pthread_create=yes
ac_cv_objext=o
ac_cv_path_EGREP='/usr/bin/grep -E'
ac_cv_path_FGREP='/usr/bin/grep -F'
ac_cv_path_GREP=/usr/bin/grep
ac_cv_path_SED=/usr/bin/sed
ac_cv_path_ac_pt_PKG_CONFIG=/usr/bin/pkg-config
ac_cv_path_install='/usr/bin/install -c'
ac_cv_path_mkdir=/usr/bin/mkdir
ac_cv_prog_AWK=gawk
ac_cv_prog_CPP='gcc -E'
ac_cv_prog_CXXCPP='g++ -E'
ac_cv_prog_ac_ct_AR=ar
ac_cv_prog_ac_ct_CC=gcc
ac_cv_prog_ac_ct_CXX=g++
ac_cv_prog_ac_ct_OBJDUMP=objdump
ac_cv_prog_ac_ct_RANLIB=ranlib
ac_cv_prog_ac_ct_STRIP=strip
ac_cv_prog_cc_c89=
ac_cv_prog_cc_g=yes
ac_cv_prog_cxx_g=yes
ac_cv_prog_make_make_set=yes
am_cv_CC_dependencies_compiler_type=gcc3
am_cv_CXX_dependencies_compiler_type=gcc3
am_cv_make_support_nested_variables=yes
am_cv_prog_cc_c_o=yes
lt_cv_ar_at_file=@
lt_cv_archive_cmds_need_lc=no
lt_cv_deplibs_check_method=pass_all
lt_cv_file_magic_cmd='$MAGIC_CMD'
lt_cv_file_magic_test_file=
lt_cv_ld_reload_flag=-r
lt_cv_nm_interface='BSD nm'
lt_cv_objdir=.libs
lt_cv_path_LD=/usr/bin/ld
lt_cv_path_LDCXX='/usr/bin/ld -m elf_x86_64'
lt_cv_path_NM='/usr/bin/nm -B'
lt_cv_path_mainfest_tool=no
lt_cv_prog_compiler_c_o=yes
lt_cv_prog_compiler_c_o_CXX=yes
lt_cv_prog_compiler_pic='-fPIC -DPIC'
lt_cv_prog_compiler_pic_CXX='-fPIC -DPIC'
lt_cv_prog_compiler_pic_works=yes
lt_cv_prog_compiler_pic_works_CXX=yes
lt_cv_prog_compiler_rtti_exceptions=no
lt_cv_prog_compiler_static_works=yes
lt_cv_prog_compiler_static_works_CXX=no
lt_cv_prog_gnu_ld=yes
lt_cv_prog_gnu_ldcxx=yes
lt_cv_sharedlib_from_linklib_cmd='printf %s\n'
lt_cv_shlibpath_overrides_runpath=no
lt_cv_sys_global_symbol_pipe='sed -n -e '\''s/^.*[	 ]\([ABCDGIRSTW][ABCDGIRSTW]*\)[	 ][	 ]*\([_A-Za-z][_A-Za-z0-9]*\)$/\1 \2 \2/p'\'' | sed '\''/ __gnu_lto/d'\'''
lt_cv_sys_global_symbol_to_c_name_address='sed -n -e '\''s/^: \([^ ]*\)[ ]*$/  {\"\1\", (void *) 0},/p'\'' -e '\''s/^[ABCDGIRSTW]* \([^ ]*\) \([^ ]*\)$/  {"\2", (void *) \&\2},/p'\'''
lt_cv_sys_global_symbol_to_c_name_address_lib_prefix='sed -n -e '\''s/^: \([^ ]*\)[ ]*$/  {\"\1\", (void *) 0},/p'\'' -e '\''s/^[ABCDGIRSTW]* \([^ ]*\) \(lib[^ ]*\)$/  {"\2", (void *) \&\2},/p'\'' -e '\''s/^[ABCDGIRSTW]* \([^ ]*\) \([^ ]*\)$/  {"lib\2", (void *) \&\2},/p'\'''
lt_cv_sys_global_symbol_to_cdecl='sed -n -e '\''s/^T .* \(.*\)$/extern int \1();/p'\'' -e '\''s/^[ABCDGIRSTW]* .* \(.*\)$/extern char \1;/p'\'''
lt_cv_sys_max_cmd_len=1572864
lt_cv_to_host_file_cmd=func_convert_file_noop
lt_cv_to_tool_file_cmd=func_convert_file_noop
pkg_cv_GLIB_CFLAGS='-I/usr/include/glib-2.0 -I/usr/lib64/glib-2.0/include '
pkg_cv_GLIB_LIBS='-lglib-2.0 '

## ----------------- ##
## Output variables. ##
## ----------------- ##

ACLOCAL='${SHELL} /usagers/saferc/Bureau/LOG2610/lab1/inf2610-lab1-2.3/missing aclocal-1.15'
AMDEPBACKSLASH='\'
AMDEP_FALSE='#'
AMDEP_TRUE=''
AMTAR='$${TAR-tar}'
AM_BACKSLASH='\'
AM_DEFAULT_V='$(AM_DEFAULT_VERBOSITY)'
AM_DEFAULT_VERBOSITY='0'
AM_V='$(V)'
AR='ar'
AUTOCONF='${SHELL} /usagers/saferc/Bureau/LOG2610/lab1/inf2610-lab1-2.3/missing autoconf'
AUTOHEADER='${SHELL} /usagers/saferc/Bureau/LOG2610/lab1/inf2610-lab1-2.3/missing autoheader'
AUTOMAKE='${SHELL} /usagers/saferc/Bureau/LOG2610/lab1/inf2610-lab1-2.3/missing automake-1.15'
AWK='gawk'
CC='gcc'
CCDEPMODE='depmode=gcc3'
CFLAGS='-Wall -g -O0 -fno-inline'
CPP='gcc -E'
CPPFLAGS=' '
CXX='g++'
CXXCPP='g++ -E'
CXXDEPMODE='depmode=gcc3'
CXXFLAGS='-g -O2'
CYGPATH_W='echo'
DEFS='-DHAVE_CONFIG_H'
DEPDIR='.deps'
DLLTOOL='false'
DSYMUTIL=''
DUMPBIN=''
ECHO_C=''
ECHO_N='-n'
ECHO_T=''
EGREP='/usr/bin/grep -E'
EXEEXT=''
FGREP='/usr/bin/grep -F'
GLIB_CFLAGS='-I/usr/include/glib-2.0 -I/usr/lib64/glib-2.0/include '
GLIB_LIBS='-lglib-2.0 '
GREP='/usr/bin/grep'
INSTALL_DATA='${INSTALL} -m 644'
INSTALL_PROGRAM='${INSTALL}'
INSTALL_SCRIPT='${INSTALL}'
INSTALL_STRIP_PROGRAM='$(install_sh) -c -s'
LD='/usr/bin/ld -m elf_x86_64'
LDFLAGS=' '
LIBOBJS=''
LIBS='-lpthread  -lpth -ldl -lnsl'
LIBTOOL='$(SHELL) $(top_builddir)/libtool'
LIPO=''
LN_S='ln -s'
LTLIBOBJS=''
MAKEINFO='${SHELL} /usagers/saferc/Bureau/LOG2610/lab1/inf2610-lab1-2.3/missing makeinfo'
MANIFEST_TOOL=':'
MKDIR_P='/usr/bin/mkdir -p'
NM='/usr/bin/nm -B'
NMEDIT=''
OBJDUMP='objdump'
OBJEXT='o'
OTOOL64=''
OTOOL=''
PACKAGE='inf2610-lab1'
PACKAGE_BUGREPORT=''
PACKAGE_NAME='INF2610-LAB1'
PACKAGE_STRING='INF2610-LAB1 2.3'
PACKAGE_TARNAME='inf2610-lab1'
PACKAGE_URL=''
PACKAGE_VERSION='2.3'
PATH_SEPARATOR=':'
PKG_CONFIG='/usr/bin/pkg-config'
PKG_CONFIG_LIBDIR=''
PKG_CONFIG_PATH='/usr/lib64/mpich/lib/pkgconfig'
PTH_CFLAGS=''
PTH_CPPFLAGS=''
PTH_LDFLAGS=''
PTH_LIBS='-lpth -ldl -lnsl'
RANLIB='ranlib'
SED='/usr/bin/sed'
SET_MAKE=''
SHELL='/bin/sh'
STRIP='strip'
VERSION='2.3'
ac_ct_AR='ar'
ac_ct_CC='gcc'
ac_ct_CXX='g++'
ac_ct_DUMPBIN=''
am__EXEEXT_FALSE=''
am__EXEEXT_TRUE='#'
am__fastdepCC_FALSE='#'
am__fastdepCC_TRUE=''
am__fastdepCXX_FALSE='#'
am__fastdepCXX_TRUE=''
am__include='include'
am__isrc=''
am__leading_dot='.'
am__nodep='_no'
am__quote=''
am__tar='$${TAR-tar} chof - "$$tardir"'
am__untar='$${TAR-tar} xf -'
bindir='${exec_prefix}/bin'
build='x86_64-unknown-linux-gnu'
build_alias=''
build_cpu='x86_64'
build_os='linux-gnu'
build_vendor='unknown'
datadir='${datarootdir}'
datarootdir='${prefix}/share'
docdir='${datarootdir}/doc/${PACKAGE_TARNAME}'
dvidir='${docdir}'
exec_prefix='${prefix}'
host='x86_64-unknown-linux-gnu'
host_alias=''
host_cpu='x86_64'
host_os='linux-gnu'
host_vendor='unknown'
htmldir='${docdir}'
includedir='${prefix}/include'
infodir='${datarootdir}/info'
install_sh='${SHELL} /usagers/saferc/Bureau/LOG2610/lab1/inf2610-lab1-2.3/install-sh'
libdir='${exec_prefix}/lib'
libexecdir='${exec_prefix}/libexec'
localedir='${datarootdir}/locale'
localstatedir='${prefix}/var'
mandir='${datarootdir}/man'
mkdir_p='$(MKDIR_P)'
oldincludedir='/usr/include'
pdfdir='${docdir}'
prefix='/usr/local'
program_transform_name='s,x,x,'
psdir='${docdir}'
sbindir='${exec_prefix}/sbin'
sharedstatedir='${prefix}/com'
sysconfdir='${prefix}/etc'
target_alias=''

## ----------- ##
## confdefs.h. ##
## ----------- ##

/* confdefs.h */
#define PACKAGE_NAME "INF2610-LAB1"
#define PACKAGE_TARNAME "inf2610-lab1"
#define PACKAGE_VERSION "2.3"
#define PACKAGE_STRING "INF2610-LAB1 2.3"
#define PACKAGE_BUGREPORT ""
#define PACKAGE_URL ""
#define PACKAGE "inf2610-lab1"
#define VERSION "2.3"
#define STDC_HEADERS 1
#define HAVE_SYS_TYPES_H 1
#define HAVE_SYS_STAT_H 1
#define HAVE_STDLIB_H 1
#define HAVE_STRING_H 1
#define HAVE_MEMORY_H 1
#define HAVE_STRINGS_H 1
#define HAVE_INTTYPES_H 1
#define HAVE_STDINT_H 1
#define HAVE_UNISTD_H 1
#define HAVE_DLFCN_H 1
#define LT_OBJDIR ".libs/"
#define HAVE_SYS_TYPES_H 1
#define HAVE_UNISTD_H 1
#define HAVE_FCNTL_H 1
#define HAVE_STRINGS_H 1
#define HAVE_PTHREAD_H 1
#define HAVE_TIME_H 1
#define HAVE_ERRNO_H 1
#define HAVE_STDARG_H 1
#define HAVE_LIMITS_H 1
#define HAVE_SIGNAL_H 1
#define HAVE_STDLIB_H 1
#define HAVE_INTTYPES_H 1
#define HAVE_MATH_H 1
#define HAVE_LIBPTHREAD 1

configure: exit 0

## ---------------------- ##
## Running config.status. ##
## ---------------------- ##

This file was extended by INF2610-LAB1 config.status 2.3, which was
generated by GNU Autoconf 2.69.  Invocation command line was

  CONFIG_FILES    = 
  CONFIG_HEADERS  = 
  CONFIG_LINKS    = 
  CONFIG_COMMANDS = 
  $ ./config.status 

on l4714-02.info.polymtl.ca

config.status:1169: creating Makefile
config.status:1169: creating chaine/Makefile
config.status:1169: creating banque/Makefile
config.status:1169: creating descripteurs/Makefile
config.status:1169: creating config.h
config.status:1350: config.h is unchanged
config.status:1398: executing depfiles commands
config.status:1398: executing libtool commands

## ---------------------- ##
## Running config.status. ##
## ---------------------- ##

This file was extended by INF2610-LAB1 config.status 2.3, which was
generated by GNU Autoconf 2.69.  Invocation command line was

  CONFIG_FILES    = 
  CONFIG_HEADERS  = 
  CONFIG_LINKS    = 
  CONFIG_COMMANDS = 
  $ ./config.status config.h

on l4714-02.info.polymtl.ca

config.status:1169: creating config.h
config.status:1350: config.h is unchanged
