This file contains any messages produced by compilers while
running configure, to aid debugging if configure makes a mistake.

It was created by INF2610-LAB0 configure 2.1, which was
generated by GNU Autoconf 2.69.  Invocation command line was

  $ ./configure 

## --------- ##
## Platform. ##
## --------- ##

hostname = l4714-11.info.polymtl.ca
uname -m = x86_64
uname -r = 4.13.16-202.fc26.x86_64
uname -s = Linux
uname -v = #1 SMP Thu Nov 30 15:39:32 UTC 2017

/usr/bin/uname -p = x86_64
/bin/uname -X     = unknown

/bin/arch              = x86_64
/usr/bin/arch -k       = unknown
/usr/convex/getsysinfo = unknown
/usr/bin/hostinfo      = unknown
/bin/machine           = unknown
/usr/bin/oslevel       = unknown
/bin/universe          = unknown

PATH: /usr/local/cours/HACK/idea-IC-171.4249.39/bin
PATH: /usr/lib64/qt-3.3/bin
PATH: /usr/lib64/mpich/bin
PATH: /opt/cuda-8.0/bin
PATH: /usr/local/bin
PATH: /usr/bin
PATH: /bin
PATH: /usr/local/sbin
PATH: /usr/sbin
PATH: /opt/java/jdk8.x86_64/bin
PATH: /opt/MATLAB/R2017a/bin
PATH: /opt/pycharm-edu-3.0/bin
PATH: /usr/local/CPNTools/bin
PATH: /usr/local/openclcc/bin
PATH: /usr/local/cours/inf1995/bin
PATH: /usr/local/cours/INF6101/bin
PATH: /usr/local/cours/INF6410/bin
PATH: /usr/local/cours/INF6603/bin
PATH: /usr/local/cours/inf6802/bin
PATH: /usr/local/cours/JohnMullins/bin
PATH: /usr/local/cours/LOG1000/bin
PATH: /usr/local/cours/LOG4420/bin
PATH: /usr/local/cours/INF2610/lttng/bin
PATH: /usr/local/cours/INF2610/workload-kit-0.1.16/bin
PATH: /usr/local/cours/INF2610/lttv/bin
PATH: /usr/local/cours/INF2610/trace-compass
PATH: /usr/local/cours/INF6603/CPAchecker-1.3.4-unix/scripts
PATH: /usr/local/cours/INF6603/llbmc-2013.1-Linux_64/bin
PATH: /usr/local/cours/INF6603/uppaal64-4.1.19
PATH: /usr/local/cours/INF6603/uppaal-tiga-0.18
PATH: /usr/local/cours/LOG1000/pmccabe/usr/bin
PATH: /usr/local/cours/LOG6605/prism-4.3-linux64/bin


## ----------- ##
## Core tests. ##
## ----------- ##

configure:2382: checking for a BSD-compatible install
configure:2450: result: /usr/bin/install -c
configure:2461: checking whether build environment is sane
configure:2511: result: yes
configure:2652: checking for a thread-safe mkdir -p
configure:2691: result: /usr/bin/mkdir -p
configure:2704: checking for gawk
configure:2720: found /usr/bin/gawk
configure:2731: result: gawk
configure:2742: checking whether make sets $(MAKE)
configure:2764: result: yes
configure:2874: checking build system type
configure:2888: result: x86_64-unknown-linux-gnu
configure:2908: checking host system type
configure:2921: result: x86_64-unknown-linux-gnu
configure:2962: checking how to print strings
configure:2989: result: printf
configure:3022: checking for style of include used by make
configure:3050: result: GNU
configure:3121: checking for gcc
configure:3137: found /usr/bin/gcc
configure:3148: result: gcc
configure:3377: checking for C compiler version
configure:3386: gcc --version >&5
gcc (GCC) 7.2.1 20170915 (Red Hat 7.2.1-2)
Copyright (C) 2017 Free Software Foundation, Inc.
This is free software; see the source for copying conditions.  There is NO
warranty; not even for MERCHANTABILITY or FITNESS FOR A PARTICULAR PURPOSE.

configure:3397: $? = 0
configure:3386: gcc -v >&5
Using built-in specs.
COLLECT_GCC=gcc
COLLECT_LTO_WRAPPER=/usr/libexec/gcc/x86_64-redhat-linux/7/lto-wrapper
OFFLOAD_TARGET_NAMES=nvptx-none
OFFLOAD_TARGET_DEFAULT=1
Target: x86_64-redhat-linux
Configured with: ../configure --enable-bootstrap --enable-languages=c,c++,objc,obj-c++,fortran,ada,go,lto --prefix=/usr --mandir=/usr/share/man --infodir=/usr/share/info --with-bugurl=http://bugzilla.redhat.com/bugzilla --enable-shared --enable-threads=posix --enable-checking=release --enable-multilib --with-system-zlib --enable-__cxa_atexit --disable-libunwind-exceptions --enable-gnu-unique-object --enable-linker-build-id --with-gcc-major-version-only --with-linker-hash-style=gnu --enable-plugin --enable-initfini-array --with-isl --enable-libmpx --enable-offload-targets=nvptx-none --without-cuda-driver --enable-gnu-indirect-function --with-tune=generic --with-arch_32=i686 --build=x86_64-redhat-linux
Thread model: posix
gcc version 7.2.1 20170915 (Red Hat 7.2.1-2) (GCC) 
configure:3397: $? = 0
configure:3386: gcc -V >&5
gcc: error: unrecognized command line option '-V'
gcc: fatal error: no input files
compilation terminated.
configure:3397: $? = 1
configure:3386: gcc -qversion >&5
gcc: error: unrecognized command line option '-qversion'; did you mean '--version'?
gcc: fatal error: no input files
compilation terminated.
configure:3397: $? = 1
configure:3417: checking whether the C compiler works
configure:3439: gcc    conftest.c  >&5
configure:3443: $? = 0
configure:3491: result: yes
configure:3494: checking for C compiler default output file name
configure:3496: result: a.out
configure:3502: checking for suffix of executables
configure:3509: gcc -o conftest    conftest.c  >&5
configure:3513: $? = 0
configure:3535: result: 
configure:3557: checking whether we are cross compiling
configure:3565: gcc -o conftest    conftest.c  >&5
configure:3569: $? = 0
configure:3576: ./conftest
configure:3580: $? = 0
configure:3595: result: no
configure:3600: checking for suffix of object files
configure:3622: gcc -c   conftest.c >&5
configure:3626: $? = 0
configure:3647: result: o
configure:3651: checking whether we are using the GNU C compiler
configure:3670: gcc -c   conftest.c >&5
configure:3670: $? = 0
configure:3679: result: yes
configure:3688: checking whether gcc accepts -g
configure:3708: gcc -c -g  conftest.c >&5
configure:3708: $? = 0
configure:3749: result: yes
configure:3766: checking for gcc option to accept ISO C89
configure:3829: gcc  -c -g -O2  conftest.c >&5
configure:3829: $? = 0
configure:3842: result: none needed
configure:3864: checking dependency style of gcc
configure:3975: result: gcc3
configure:3990: checking for a sed that does not truncate output
configure:4054: result: /usr/bin/sed
configure:4072: checking for grep that handles long lines and -e
configure:4130: result: /usr/bin/grep
configure:4135: checking for egrep
configure:4197: result: /usr/bin/grep -E
configure:4202: checking for fgrep
configure:4264: result: /usr/bin/grep -F
configure:4299: checking for ld used by gcc
configure:4366: result: /usr/bin/ld
configure:4373: checking if the linker (/usr/bin/ld) is GNU ld
configure:4388: result: yes
configure:4400: checking for BSD- or MS-compatible name lister (nm)
configure:4449: result: /usr/bin/nm -B
configure:4579: checking the name lister (/usr/bin/nm -B) interface
configure:4586: gcc -c -g -O2  conftest.c >&5
configure:4589: /usr/bin/nm -B "conftest.o"
configure:4592: output
0000000000000000 B some_variable
configure:4599: result: BSD nm
configure:4602: checking whether ln -s works
configure:4606: result: yes
configure:4614: checking the maximum length of command line arguments
configure:4745: result: 1572864
configure:4762: checking whether the shell understands some XSI constructs
configure:4772: result: yes
configure:4776: checking whether the shell understands "+="
configure:4782: result: yes
configure:4817: checking how to convert x86_64-unknown-linux-gnu file names to x86_64-unknown-linux-gnu format
configure:4857: result: func_convert_file_noop
configure:4864: checking how to convert x86_64-unknown-linux-gnu file names to toolchain format
configure:4884: result: func_convert_file_noop
configure:4891: checking for /usr/bin/ld option to reload object files
configure:4898: result: -r
configure:4972: checking for objdump
configure:4988: found /usr/bin/objdump
configure:4999: result: objdump
configure:5031: checking how to recognize dependent libraries
configure:5229: result: pass_all
configure:5314: checking for dlltool
configure:5344: result: no
configure:5374: checking how to associate runtime and link libraries
configure:5401: result: printf %s\n
configure:5462: checking for ar
configure:5478: found /usr/bin/ar
configure:5489: result: ar
configure:5526: checking for archiver @FILE support
configure:5543: gcc -c -g -O2  conftest.c >&5
configure:5543: $? = 0
configure:5546: ar cru libconftest.a @conftest.lst >&5
configure:5549: $? = 0
configure:5554: ar cru libconftest.a @conftest.lst >&5
ar: conftest.o: No such file or directory
configure:5557: $? = 1
configure:5569: result: @
configure:5627: checking for strip
configure:5643: found /usr/bin/strip
configure:5654: result: strip
configure:5726: checking for ranlib
configure:5742: found /usr/bin/ranlib
configure:5753: result: ranlib
configure:5855: checking command to parse /usr/bin/nm -B output from gcc object
configure:5975: gcc -c -g -O2  conftest.c >&5
configure:5978: $? = 0
configure:5982: /usr/bin/nm -B conftest.o \| sed -n -e 's/^.*[ ]\([ABCDGIRSTW][ABCDGIRSTW]*\)[ ][ ]*\([_A-Za-z][_A-Za-z0-9]*\)$/\1 \2 \2/p' | sed '/ __gnu_lto/d' \> conftest.nm
configure:5985: $? = 0
configure:6051: gcc -o conftest -g -O2   conftest.c conftstm.o >&5
configure:6054: $? = 0
configure:6092: result: ok
configure:6129: checking for sysroot
configure:6159: result: no
configure:6236: gcc -c -g -O2  conftest.c >&5
configure:6239: $? = 0
configure:6422: checking for mt
configure:6452: result: no
configure:6472: checking if : is a manifest tool
configure:6478: : '-?'
configure:6486: result: no
configure:7128: checking how to run the C preprocessor
configure:7159: gcc -E  conftest.c
configure:7159: $? = 0
configure:7173: gcc -E  conftest.c
conftest.c:11:10: fatal error: ac_nonexistent.h: No such file or directory
 #include <ac_nonexistent.h>
          ^~~~~~~~~~~~~~~~~~
compilation terminated.
configure:7173: $? = 1
configure: failed program was:
| /* confdefs.h */
| #define PACKAGE_NAME "INF2610-LAB0"
| #define PACKAGE_TARNAME "inf2610-lab0"
| #define PACKAGE_VERSION "2.1"
| #define PACKAGE_STRING "INF2610-LAB0 2.1"
| #define PACKAGE_BUGREPORT ""
| #define PACKAGE_URL ""
| #define PACKAGE "inf2610-lab0"
| #define VERSION "2.1"
| /* end confdefs.h.  */
| #include <ac_nonexistent.h>
configure:7198: result: gcc -E
configure:7218: gcc -E  conftest.c
configure:7218: $? = 0
configure:7232: gcc -E  conftest.c
conftest.c:11:10: fatal error: ac_nonexistent.h: No such file or directory
 #include <ac_nonexistent.h>
          ^~~~~~~~~~~~~~~~~~
compilation terminated.
configure:7232: $? = 1
configure: failed program was:
| /* confdefs.h */
| #define PACKAGE_NAME "INF2610-LAB0"
| #define PACKAGE_TARNAME "inf2610-lab0"
| #define PACKAGE_VERSION "2.1"
| #define PACKAGE_STRING "INF2610-LAB0 2.1"
| #define PACKAGE_BUGREPORT ""
| #define PACKAGE_URL ""
| #define PACKAGE "inf2610-lab0"
| #define VERSION "2.1"
| /* end confdefs.h.  */
| #include <ac_nonexistent.h>
configure:7261: checking for ANSI C header files
configure:7281: gcc -c -g -O2  conftest.c >&5
configure:7281: $? = 0
configure:7354: gcc -o conftest -g -O2   conftest.c  >&5
configure:7354: $? = 0
configure:7354: ./conftest
configure:7354: $? = 0
configure:7365: result: yes
configure:7378: checking for sys/types.h
configure:7378: gcc -c -g -O2  conftest.c >&5
configure:7378: $? = 0
configure:7378: result: yes
configure:7378: checking for sys/stat.h
configure:7378: gcc -c -g -O2  conftest.c >&5
configure:7378: $? = 0
configure:7378: result: yes
configure:7378: checking for stdlib.h
configure:7378: gcc -c -g -O2  conftest.c >&5
configure:7378: $? = 0
configure:7378: result: yes
configure:7378: checking for string.h
configure:7378: gcc -c -g -O2  conftest.c >&5
configure:7378: $? = 0
configure:7378: result: yes
configure:7378: checking for memory.h
configure:7378: gcc -c -g -O2  conftest.c >&5
configure:7378: $? = 0
configure:7378: result: yes
configure:7378: checking for strings.h
configure:7378: gcc -c -g -O2  conftest.c >&5
configure:7378: $? = 0
configure:7378: result: yes
configure:7378: checking for inttypes.h
configure:7378: gcc -c -g -O2  conftest.c >&5
configure:7378: $? = 0
configure:7378: result: yes
configure:7378: checking for stdint.h
configure:7378: gcc -c -g -O2  conftest.c >&5
configure:7378: $? = 0
configure:7378: result: yes
configure:7378: checking for unistd.h
configure:7378: gcc -c -g -O2  conftest.c >&5
configure:7378: $? = 0
configure:7378: result: yes
configure:7392: checking for dlfcn.h
configure:7392: gcc -c -g -O2  conftest.c >&5
configure:7392: $? = 0
configure:7392: result: yes
configure:7598: checking for objdir
configure:7613: result: .libs
configure:7884: checking if gcc supports -fno-rtti -fno-exceptions
configure:7902: gcc -c -g -O2  -fno-rtti -fno-exceptions conftest.c >&5
cc1: warning: command line option '-fno-rtti' is valid for C++/ObjC++ but not for C
configure:7906: $? = 0
configure:7919: result: no
configure:8246: checking for gcc option to produce PIC
configure:8253: result: -fPIC -DPIC
configure:8261: checking if gcc PIC flag -fPIC -DPIC works
configure:8279: gcc -c -g -O2  -fPIC -DPIC -DPIC conftest.c >&5
configure:8283: $? = 0
configure:8296: result: yes
configure:8325: checking if gcc static flag -static works
configure:8353: result: yes
configure:8368: checking if gcc supports -c -o file.o
configure:8389: gcc -c -g -O2  -o out/conftest2.o conftest.c >&5
configure:8393: $? = 0
configure:8415: result: yes
configure:8423: checking if gcc supports -c -o file.o
configure:8470: result: yes
configure:8503: checking whether the gcc linker (/usr/bin/ld -m elf_x86_64) supports shared libraries
configure:9660: result: yes
configure:9697: checking whether -lc should be explicitly linked in
configure:9705: gcc -c -g -O2  conftest.c >&5
configure:9708: $? = 0
configure:9723: gcc -shared  -fPIC -DPIC conftest.o  -v -Wl,-soname -Wl,conftest -o conftest 2\>\&1 \| /usr/bin/grep  -lc  \>/dev/null 2\>\&1
configure:9726: $? = 0
configure:9740: result: no
configure:9900: checking dynamic linker characteristics
configure:10400: gcc -o conftest -g -O2   -Wl,-rpath -Wl,/foo conftest.c  >&5
configure:10400: $? = 0
configure:10634: result: GNU/Linux ld.so
configure:10741: checking how to hardcode library paths into programs
configure:10766: result: immediate
configure:11306: checking whether stripping libraries is possible
configure:11311: result: yes
configure:11346: checking if libtool supports shared libraries
configure:11348: result: yes
configure:11351: checking whether to build shared libraries
configure:11372: result: yes
configure:11375: checking whether to build static libraries
configure:11379: result: yes
configure:11420: checking for sys/types.h
configure:11420: result: yes
configure:11420: checking for unistd.h
configure:11420: result: yes
configure:11420: checking fcntl.h usability
configure:11420: gcc -c -g -O2  conftest.c >&5
configure:11420: $? = 0
configure:11420: result: yes
configure:11420: checking fcntl.h presence
configure:11420: gcc -E  conftest.c
configure:11420: $? = 0
configure:11420: result: yes
configure:11420: checking for fcntl.h
configure:11420: result: yes
configure:11420: checking for strings.h
configure:11420: result: yes
configure:11420: checking pthread.h usability
configure:11420: gcc -c -g -O2  conftest.c >&5
configure:11420: $? = 0
configure:11420: result: yes
configure:11420: checking pthread.h presence
configure:11420: gcc -E  conftest.c
configure:11420: $? = 0
configure:11420: result: yes
configure:11420: checking for pthread.h
configure:11420: result: yes
configure:11420: checking time.h usability
configure:11420: gcc -c -g -O2  conftest.c >&5
configure:11420: $? = 0
configure:11420: result: yes
configure:11420: checking time.h presence
configure:11420: gcc -E  conftest.c
configure:11420: $? = 0
configure:11420: result: yes
configure:11420: checking for time.h
configure:11420: result: yes
configure:11420: checking errno.h usability
configure:11420: gcc -c -g -O2  conftest.c >&5
configure:11420: $? = 0
configure:11420: result: yes
configure:11420: checking errno.h presence
configure:11420: gcc -E  conftest.c
configure:11420: $? = 0
configure:11420: result: yes
configure:11420: checking for errno.h
configure:11420: result: yes
configure:11420: checking stdarg.h usability
configure:11420: gcc -c -g -O2  conftest.c >&5
configure:11420: $? = 0
configure:11420: result: yes
configure:11420: checking stdarg.h presence
configure:11420: gcc -E  conftest.c
configure:11420: $? = 0
configure:11420: result: yes
configure:11420: checking for stdarg.h
configure:11420: result: yes
configure:11420: checking limits.h usability
configure:11420: gcc -c -g -O2  conftest.c >&5
configure:11420: $? = 0
configure:11420: result: yes
configure:11420: checking limits.h presence
configure:11420: gcc -E  conftest.c
configure:11420: $? = 0
configure:11420: result: yes
configure:11420: checking for limits.h
configure:11420: result: yes
configure:11420: checking signal.h usability
configure:11420: gcc -c -g -O2  conftest.c >&5
configure:11420: $? = 0
configure:11420: result: yes
configure:11420: checking signal.h presence
configure:11420: gcc -E  conftest.c
configure:11420: $? = 0
configure:11420: result: yes
configure:11420: checking for signal.h
configure:11420: result: yes
configure:11420: checking for stdlib.h
configure:11420: result: yes
configure:11433: checking for inttypes.h
configure:11433: result: yes
configure:11433: checking math.h usability
configure:11433: gcc -c -g -O2  conftest.c >&5
configure:11433: $? = 0
configure:11433: result: yes
configure:11433: checking math.h presence
configure:11433: gcc -E  conftest.c
configure:11433: $? = 0
configure:11433: result: yes
configure:11433: checking for math.h
configure:11433: result: yes
configure:11443: checking for pthread_create in -lpthread
configure:11468: gcc -o conftest -g -O2   conftest.c -lpthread   >&5
configure:11468: $? = 0
configure:11477: result: yes
configure:11503: checking whether make supports nested variables
configure:11520: result: yes
configure:11538: checking for nasm
configure:11554: found /usr/bin/nasm
configure:11565: result: nasm
configure:11578: checking for object file format of host system
configure:11652: result: ELF64
configure:11660: checking for object file format specifier (NAFLAGS) 
configure:11675: result: -felf64 -DELF -D__x86_64__
configure:11679: checking whether the assembler (nasm -felf64 -DELF -D__x86_64__) works
configure:11690: nasm -felf64 -DELF -D__x86_64__ -o conftest.o conftest.asm
configure:11693: $? = 0
configure:11695: result: yes
configure:11706: checking whether the linker accepts assembler output
configure:11709: gcc -o conftest  conftest.o -lpthread  1>&5
configure:11712: $? = 0
configure:11715: result: yes
configure:11774: checking for gcc
configure:11801: result: gcc
configure:12030: checking for C compiler version
configure:12039: gcc --version >&5
gcc (GCC) 7.2.1 20170915 (Red Hat 7.2.1-2)
Copyright (C) 2017 Free Software Foundation, Inc.
This is free software; see the source for copying conditions.  There is NO
warranty; not even for MERCHANTABILITY or FITNESS FOR A PARTICULAR PURPOSE.

configure:12050: $? = 0
configure:12039: gcc -v >&5
Using built-in specs.
COLLECT_GCC=gcc
COLLECT_LTO_WRAPPER=/usr/libexec/gcc/x86_64-redhat-linux/7/lto-wrapper
OFFLOAD_TARGET_NAMES=nvptx-none
OFFLOAD_TARGET_DEFAULT=1
Target: x86_64-redhat-linux
Configured with: ../configure --enable-bootstrap --enable-languages=c,c++,objc,obj-c++,fortran,ada,go,lto --prefix=/usr --mandir=/usr/share/man --infodir=/usr/share/info --with-bugurl=http://bugzilla.redhat.com/bugzilla --enable-shared --enable-threads=posix --enable-checking=release --enable-multilib --with-system-zlib --enable-__cxa_atexit --disable-libunwind-exceptions --enable-gnu-unique-object --enable-linker-build-id --with-gcc-major-version-only --with-linker-hash-style=gnu --enable-plugin --enable-initfini-array --with-isl --enable-libmpx --enable-offload-targets=nvptx-none --without-cuda-driver --enable-gnu-indirect-function --with-tune=generic --with-arch_32=i686 --build=x86_64-redhat-linux
Thread model: posix
gcc version 7.2.1 20170915 (Red Hat 7.2.1-2) (GCC) 
configure:12050: $? = 0
configure:12039: gcc -V >&5
gcc: error: unrecognized command line option '-V'
gcc: fatal error: no input files
compilation terminated.
configure:12050: $? = 1
configure:12039: gcc -qversion >&5
gcc: error: unrecognized command line option '-qversion'; did you mean '--version'?
gcc: fatal error: no input files
compilation terminated.
configure:12050: $? = 1
configure:12054: checking whether we are using the GNU C compiler
configure:12082: result: yes
configure:12091: checking whether gcc accepts -g
configure:12152: result: yes
configure:12169: checking for gcc option to accept ISO C89
configure:12245: result: none needed
configure:12267: checking dependency style of gcc
configure:12378: result: gcc3
configure:12451: checking for g++
configure:12467: found /usr/bin/g++
configure:12478: result: g++
configure:12505: checking for C++ compiler version
configure:12514: g++ --version >&5
g++ (GCC) 7.2.1 20170915 (Red Hat 7.2.1-2)
Copyright (C) 2017 Free Software Foundation, Inc.
This is free software; see the source for copying conditions.  There is NO
warranty; not even for MERCHANTABILITY or FITNESS FOR A PARTICULAR PURPOSE.

configure:12525: $? = 0
configure:12514: g++ -v >&5
Using built-in specs.
COLLECT_GCC=g++
COLLECT_LTO_WRAPPER=/usr/libexec/gcc/x86_64-redhat-linux/7/lto-wrapper
OFFLOAD_TARGET_NAMES=nvptx-none
OFFLOAD_TARGET_DEFAULT=1
Target: x86_64-redhat-linux
Configured with: ../configure --enable-bootstrap --enable-languages=c,c++,objc,obj-c++,fortran,ada,go,lto --prefix=/usr --mandir=/usr/share/man --infodir=/usr/share/info --with-bugurl=http://bugzilla.redhat.com/bugzilla --enable-shared --enable-threads=posix --enable-checking=release --enable-multilib --with-system-zlib --enable-__cxa_atexit --disable-libunwind-exceptions --enable-gnu-unique-object --enable-linker-build-id --with-gcc-major-version-only --with-linker-hash-style=gnu --enable-plugin --enable-initfini-array --with-isl --enable-libmpx --enable-offload-targets=nvptx-none --without-cuda-driver --enable-gnu-indirect-function --with-tune=generic --with-arch_32=i686 --build=x86_64-redhat-linux
Thread model: posix
gcc version 7.2.1 20170915 (Red Hat 7.2.1-2) (GCC) 
configure:12525: $? = 0
configure:12514: g++ -V >&5
g++: error: unrecognized command line option '-V'
g++: fatal error: no input files
compilation terminated.
configure:12525: $? = 1
configure:12514: g++ -qversion >&5
g++: error: unrecognized command line option '-qversion'; did you mean '--version'?
g++: fatal error: no input files
compilation terminated.
configure:12525: $? = 1
configure:12529: checking whether we are using the GNU C++ compiler
configure:12548: g++ -c   conftest.cpp >&5
configure:12548: $? = 0
configure:12557: result: yes
configure:12566: checking whether g++ accepts -g
configure:12586: g++ -c -g  conftest.cpp >&5
configure:12586: $? = 0
configure:12627: result: yes
configure:12652: checking dependency style of g++
configure:12763: result: gcc3
configure:12796: checking how to run the C++ preprocessor
configure:12823: g++ -E  conftest.cpp
configure:12823: $? = 0
configure:12837: g++ -E  conftest.cpp
conftest.cpp:37:10: fatal error: ac_nonexistent.h: No such file or directory
 #include <ac_nonexistent.h>
          ^~~~~~~~~~~~~~~~~~
compilation terminated.
configure:12837: $? = 1
configure: failed program was:
| /* confdefs.h */
| #define PACKAGE_NAME "INF2610-LAB0"
| #define PACKAGE_TARNAME "inf2610-lab0"
| #define PACKAGE_VERSION "2.1"
| #define PACKAGE_STRING "INF2610-LAB0 2.1"
| #define PACKAGE_BUGREPORT ""
| #define PACKAGE_URL ""
| #define PACKAGE "inf2610-lab0"
| #define VERSION "2.1"
| #define STDC_HEADERS 1
| #define HAVE_SYS_TYPES_H 1
| #define HAVE_SYS_STAT_H 1
| #define HAVE_STDLIB_H 1
| #define HAVE_STRING_H 1
| #define HAVE_MEMORY_H 1
| #define HAVE_STRINGS_H 1
| #define HAVE_INTTYPES_H 1
| #define HAVE_STDINT_H 1
| #define HAVE_UNISTD_H 1
| #define HAVE_DLFCN_H 1
| #define LT_OBJDIR ".libs/"
| #define HAVE_SYS_TYPES_H 1
| #define HAVE_UNISTD_H 1
| #define HAVE_FCNTL_H 1
| #define HAVE_STRINGS_H 1
| #define HAVE_PTHREAD_H 1
| #define HAVE_TIME_H 1
| #define HAVE_ERRNO_H 1
| #define HAVE_STDARG_H 1
| #define HAVE_LIMITS_H 1
| #define HAVE_SIGNAL_H 1
| #define HAVE_STDLIB_H 1
| #define HAVE_INTTYPES_H 1
| #define HAVE_MATH_H 1
| #define HAVE_LIBPTHREAD 1
| /* end confdefs.h.  */
| #include <ac_nonexistent.h>
configure:12862: result: g++ -E
configure:12882: g++ -E  conftest.cpp
configure:12882: $? = 0
configure:12896: g++ -E  conftest.cpp
conftest.cpp:37:10: fatal error: ac_nonexistent.h: No such file or directory
 #include <ac_nonexistent.h>
          ^~~~~~~~~~~~~~~~~~
compilation terminated.
configure:12896: $? = 1
configure: failed program was:
| /* confdefs.h */
| #define PACKAGE_NAME "INF2610-LAB0"
| #define PACKAGE_TARNAME "inf2610-lab0"
| #define PACKAGE_VERSION "2.1"
| #define PACKAGE_STRING "INF2610-LAB0 2.1"
| #define PACKAGE_BUGREPORT ""
| #define PACKAGE_URL ""
| #define PACKAGE "inf2610-lab0"
| #define VERSION "2.1"
| #define STDC_HEADERS 1
| #define HAVE_SYS_TYPES_H 1
| #define HAVE_SYS_STAT_H 1
| #define HAVE_STDLIB_H 1
| #define HAVE_STRING_H 1
| #define HAVE_MEMORY_H 1
| #define HAVE_STRINGS_H 1
| #define HAVE_INTTYPES_H 1
| #define HAVE_STDINT_H 1
| #define HAVE_UNISTD_H 1
| #define HAVE_DLFCN_H 1
| #define LT_OBJDIR ".libs/"
| #define HAVE_SYS_TYPES_H 1
| #define HAVE_UNISTD_H 1
| #define HAVE_FCNTL_H 1
| #define HAVE_STRINGS_H 1
| #define HAVE_PTHREAD_H 1
| #define HAVE_TIME_H 1
| #define HAVE_ERRNO_H 1
| #define HAVE_STDARG_H 1
| #define HAVE_LIMITS_H 1
| #define HAVE_SIGNAL_H 1
| #define HAVE_STDLIB_H 1
| #define HAVE_INTTYPES_H 1
| #define HAVE_MATH_H 1
| #define HAVE_LIBPTHREAD 1
| /* end confdefs.h.  */
| #include <ac_nonexistent.h>
configure:13065: checking for ld used by g++
configure:13132: result: /usr/bin/ld -m elf_x86_64
configure:13139: checking if the linker (/usr/bin/ld -m elf_x86_64) is GNU ld
configure:13154: result: yes
configure:13209: checking whether the g++ linker (/usr/bin/ld -m elf_x86_64) supports shared libraries
configure:14211: result: yes
configure:14247: g++ -c -g -O2  conftest.cpp >&5
configure:14250: $? = 0
configure:14770: checking for g++ option to produce PIC
configure:14777: result: -fPIC -DPIC
configure:14785: checking if g++ PIC flag -fPIC -DPIC works
configure:14803: g++ -c -g -O2  -fPIC -DPIC -DPIC conftest.cpp >&5
configure:14807: $? = 0
configure:14820: result: yes
configure:14843: checking if g++ static flag -static works
configure:14871: result: no
configure:14883: checking if g++ supports -c -o file.o
configure:14904: g++ -c -g -O2  -o out/conftest2.o conftest.cpp >&5
configure:14908: $? = 0
configure:14930: result: yes
configure:14935: checking if g++ supports -c -o file.o
configure:14982: result: yes
configure:15012: checking whether the g++ linker (/usr/bin/ld -m elf_x86_64) supports shared libraries
configure:15051: result: yes
configure:15192: checking dynamic linker characteristics
configure:15860: result: GNU/Linux ld.so
configure:15913: checking how to hardcode library paths into programs
configure:15938: result: immediate
configure:15979: checking whether gcc and cc understand -c and -o together
configure:16010: gcc -c conftest.c -o conftest2.o >&5
configure:16014: $? = 0
configure:16020: gcc -c conftest.c -o conftest2.o >&5
configure:16024: $? = 0
configure:16035: cc -c conftest.c >&5
configure:16039: $? = 0
configure:16047: cc -c conftest.c -o conftest2.o >&5
configure:16051: $? = 0
configure:16057: cc -c conftest.c -o conftest2.o >&5
configure:16061: $? = 0
configure:16079: result: yes
configure:16147: checking for ranlib
configure:16174: result: ranlib
configure:16336: creating ./config.status

## ---------------------- ##
## Running config.status. ##
## ---------------------- ##

This file was extended by INF2610-LAB0 config.status 2.1, which was
generated by GNU Autoconf 2.69.  Invocation command line was

  CONFIG_FILES    = 
  CONFIG_HEADERS  = 
  CONFIG_LINKS    = 
  CONFIG_COMMANDS = 
  $ ./config.status 

on l4714-11.info.polymtl.ca

config.status:1160: creating Makefile
config.status:1160: creating src/Makefile
config.status:1160: creating config.h
config.status:1389: executing depfiles commands
config.status:1389: executing libtool commands

## ---------------- ##
## Cache variables. ##
## ---------------- ##

ac_cv_build=x86_64-unknown-linux-gnu
ac_cv_c_compiler_gnu=yes
ac_cv_cxx_compiler_gnu=yes
ac_cv_env_CCC_set=
ac_cv_env_CCC_value=
ac_cv_env_CC_set=
ac_cv_env_CC_value=
ac_cv_env_CFLAGS_set=
ac_cv_env_CFLAGS_value=
ac_cv_env_CPPFLAGS_set=
ac_cv_env_CPPFLAGS_value=
ac_cv_env_CPP_set=
ac_cv_env_CPP_value=
ac_cv_env_CXXCPP_set=
ac_cv_env_CXXCPP_value=
ac_cv_env_CXXFLAGS_set=
ac_cv_env_CXXFLAGS_value=
ac_cv_env_CXX_set=
ac_cv_env_CXX_value=
ac_cv_env_LDFLAGS_set=
ac_cv_env_LDFLAGS_value=
ac_cv_env_LIBS_set=
ac_cv_env_LIBS_value=
ac_cv_env_build_alias_set=
ac_cv_env_build_alias_value=
ac_cv_env_host_alias_set=
ac_cv_env_host_alias_value=
ac_cv_env_target_alias_set=
ac_cv_env_target_alias_value=
ac_cv_header_dlfcn_h=yes
ac_cv_header_errno_h=yes
ac_cv_header_fcntl_h=yes
ac_cv_header_inttypes_h=yes
ac_cv_header_limits_h=yes
ac_cv_header_math_h=yes
ac_cv_header_memory_h=yes
ac_cv_header_pthread_h=yes
ac_cv_header_signal_h=yes
ac_cv_header_stdarg_h=yes
ac_cv_header_stdc=yes
ac_cv_header_stdint_h=yes
ac_cv_header_stdlib_h=yes
ac_cv_header_string_h=yes
ac_cv_header_strings_h=yes
ac_cv_header_sys_stat_h=yes
ac_cv_header_sys_types_h=yes
ac_cv_header_time_h=yes
ac_cv_header_unistd_h=yes
ac_cv_host=x86_64-unknown-linux-gnu
ac_cv_lib_pthread_pthread_create=yes
ac_cv_objext=o
ac_cv_path_EGREP='/usr/bin/grep -E'
ac_cv_path_FGREP='/usr/bin/grep -F'
ac_cv_path_GREP=/usr/bin/grep
ac_cv_path_SED=/usr/bin/sed
ac_cv_path_install='/usr/bin/install -c'
ac_cv_path_mkdir=/usr/bin/mkdir
ac_cv_prog_AWK=gawk
ac_cv_prog_CPP='gcc -E'
ac_cv_prog_CXXCPP='g++ -E'
ac_cv_prog_NASM=nasm
ac_cv_prog_ac_ct_AR=ar
ac_cv_prog_ac_ct_CC=gcc
ac_cv_prog_ac_ct_CXX=g++
ac_cv_prog_ac_ct_OBJDUMP=objdump
ac_cv_prog_ac_ct_RANLIB=ranlib
ac_cv_prog_ac_ct_STRIP=strip
ac_cv_prog_cc_c89=
ac_cv_prog_cc_g=yes
ac_cv_prog_cc_gcc_c_o=yes
ac_cv_prog_cxx_g=yes
ac_cv_prog_make_make_set=yes
am_cv_CC_dependencies_compiler_type=gcc3
am_cv_CXX_dependencies_compiler_type=gcc3
am_cv_make_support_nested_variables=yes
lt_cv_ar_at_file=@
lt_cv_archive_cmds_need_lc=no
lt_cv_deplibs_check_method=pass_all
lt_cv_file_magic_cmd='$MAGIC_CMD'
lt_cv_file_magic_test_file=
lt_cv_ld_reload_flag=-r
lt_cv_nm_interface='BSD nm'
lt_cv_objdir=.libs
lt_cv_path_LD=/usr/bin/ld
lt_cv_path_LDCXX='/usr/bin/ld -m elf_x86_64'
lt_cv_path_NM='/usr/bin/nm -B'
lt_cv_path_mainfest_tool=no
lt_cv_prog_compiler_c_o=yes
lt_cv_prog_compiler_c_o_CXX=yes
lt_cv_prog_compiler_pic='-fPIC -DPIC'
lt_cv_prog_compiler_pic_CXX='-fPIC -DPIC'
lt_cv_prog_compiler_pic_works=yes
lt_cv_prog_compiler_pic_works_CXX=yes
lt_cv_prog_compiler_rtti_exceptions=no
lt_cv_prog_compiler_static_works=yes
lt_cv_prog_compiler_static_works_CXX=no
lt_cv_prog_gnu_ld=yes
lt_cv_prog_gnu_ldcxx=yes
lt_cv_sharedlib_from_linklib_cmd='printf %s\n'
lt_cv_shlibpath_overrides_runpath=no
lt_cv_sys_global_symbol_pipe='sed -n -e '\''s/^.*[	 ]\([ABCDGIRSTW][ABCDGIRSTW]*\)[	 ][	 ]*\([_A-Za-z][_A-Za-z0-9]*\)$/\1 \2 \2/p'\'' | sed '\''/ __gnu_lto/d'\'''
lt_cv_sys_global_symbol_to_c_name_address='sed -n -e '\''s/^: \([^ ]*\)[ ]*$/  {\"\1\", (void *) 0},/p'\'' -e '\''s/^[ABCDGIRSTW]* \([^ ]*\) \([^ ]*\)$/  {"\2", (void *) \&\2},/p'\'''
lt_cv_sys_global_symbol_to_c_name_address_lib_prefix='sed -n -e '\''s/^: \([^ ]*\)[ ]*$/  {\"\1\", (void *) 0},/p'\'' -e '\''s/^[ABCDGIRSTW]* \([^ ]*\) \(lib[^ ]*\)$/  {"\2", (void *) \&\2},/p'\'' -e '\''s/^[ABCDGIRSTW]* \([^ ]*\) \([^ ]*\)$/  {"lib\2", (void *) \&\2},/p'\'''
lt_cv_sys_global_symbol_to_cdecl='sed -n -e '\''s/^T .* \(.*\)$/extern int \1();/p'\'' -e '\''s/^[ABCDGIRSTW]* .* \(.*\)$/extern char \1;/p'\'''
lt_cv_sys_max_cmd_len=1572864
lt_cv_to_host_file_cmd=func_convert_file_noop
lt_cv_to_tool_file_cmd=func_convert_file_noop

## ----------------- ##
## Output variables. ##
## ----------------- ##

ACLOCAL='${SHELL} /usagers/saferc/Bureau/LOG2610/inf2610-lab0-2.2/missing --run aclocal-1.11'
AMDEPBACKSLASH='\'
AMDEP_FALSE='#'
AMDEP_TRUE=''
AMTAR='$${TAR-tar}'
AM_BACKSLASH='\'
AM_DEFAULT_V='$(AM_DEFAULT_VERBOSITY)'
AM_DEFAULT_VERBOSITY='0'
AM_V='$(V)'
AR='ar'
AUTOCONF='${SHELL} /usagers/saferc/Bureau/LOG2610/inf2610-lab0-2.2/missing --run autoconf'
AUTOHEADER='${SHELL} /usagers/saferc/Bureau/LOG2610/inf2610-lab0-2.2/missing --run autoheader'
AUTOMAKE='${SHELL} /usagers/saferc/Bureau/LOG2610/inf2610-lab0-2.2/missing --run automake-1.11'
AWK='gawk'
CC='gcc'
CCDEPMODE='depmode=gcc3'
CFLAGS='-g -O2'
CPP='gcc -E'
CPPFLAGS=''
CXX='g++'
CXXCPP='g++ -E'
CXXDEPMODE='depmode=gcc3'
CXXFLAGS='-g -O2'
CYGPATH_W='echo'
DEFS='-DHAVE_CONFIG_H'
DEPDIR='.deps'
DLLTOOL='false'
DSYMUTIL=''
DUMPBIN=''
ECHO_C=''
ECHO_N='-n'
ECHO_T=''
EGREP='/usr/bin/grep -E'
EXEEXT=''
FGREP='/usr/bin/grep -F'
GREP='/usr/bin/grep'
INSTALL_DATA='${INSTALL} -m 644'
INSTALL_PROGRAM='${INSTALL}'
INSTALL_SCRIPT='${INSTALL}'
INSTALL_STRIP_PROGRAM='$(install_sh) -c -s'
LD='/usr/bin/ld -m elf_x86_64'
LDFLAGS=''
LIBOBJS=''
LIBS='-lpthread '
LIBTOOL='$(SHELL) $(top_builddir)/libtool'
LIPO=''
LN_S='ln -s'
LTLIBOBJS=''
MAKEINFO='${SHELL} /usagers/saferc/Bureau/LOG2610/inf2610-lab0-2.2/missing --run makeinfo'
MANIFEST_TOOL=':'
MKDIR_P='/usr/bin/mkdir -p'
NAFLAGS='-felf64 -DELF -D__x86_64__'
NASM='nasm'
NM='/usr/bin/nm -B'
NMEDIT=''
OBJDUMP='objdump'
OBJEXT='o'
OTOOL64=''
OTOOL=''
PACKAGE='inf2610-lab0'
PACKAGE_BUGREPORT=''
PACKAGE_NAME='INF2610-LAB0'
PACKAGE_STRING='INF2610-LAB0 2.1'
PACKAGE_TARNAME='inf2610-lab0'
PACKAGE_URL=''
PACKAGE_VERSION='2.1'
PATH_SEPARATOR=':'
RANLIB='ranlib'
SED='/usr/bin/sed'
SET_MAKE=''
SHELL='/bin/sh'
STRIP='strip'
VERSION='2.1'
ac_ct_AR='ar'
ac_ct_CC='gcc'
ac_ct_CXX='g++'
ac_ct_DUMPBIN=''
am__EXEEXT_FALSE=''
am__EXEEXT_TRUE='#'
am__fastdepCC_FALSE='#'
am__fastdepCC_TRUE=''
am__fastdepCXX_FALSE='#'
am__fastdepCXX_TRUE=''
am__include='include'
am__isrc=''
am__leading_dot='.'
am__nodep='_no'
am__quote=''
am__tar='$${TAR-tar} chof - "$$tardir"'
am__untar='$${TAR-tar} xf -'
bindir='${exec_prefix}/bin'
build='x86_64-unknown-linux-gnu'
build_alias=''
build_cpu='x86_64'
build_os='linux-gnu'
build_vendor='unknown'
datadir='${datarootdir}'
datarootdir='${prefix}/share'
docdir='${datarootdir}/doc/${PACKAGE_TARNAME}'
dvidir='${docdir}'
exec_prefix='${prefix}'
host='x86_64-unknown-linux-gnu'
host_alias=''
host_cpu='x86_64'
host_os='linux-gnu'
host_vendor='unknown'
htmldir='${docdir}'
includedir='${prefix}/include'
infodir='${datarootdir}/info'
install_sh='${SHELL} /usagers/saferc/Bureau/LOG2610/inf2610-lab0-2.2/install-sh'
libdir='${exec_prefix}/lib'
libexecdir='${exec_prefix}/libexec'
localedir='${datarootdir}/locale'
localstatedir='${prefix}/var'
mandir='${datarootdir}/man'
mkdir_p='/usr/bin/mkdir -p'
oldincludedir='/usr/include'
pdfdir='${docdir}'
prefix='/usr/local'
program_transform_name='s,x,x,'
psdir='${docdir}'
sbindir='${exec_prefix}/sbin'
sharedstatedir='${prefix}/com'
sysconfdir='${prefix}/etc'
target_alias=''

## ----------- ##
## confdefs.h. ##
## ----------- ##

/* confdefs.h */
#define PACKAGE_NAME "INF2610-LAB0"
#define PACKAGE_TARNAME "inf2610-lab0"
#define PACKAGE_VERSION "2.1"
#define PACKAGE_STRING "INF2610-LAB0 2.1"
#define PACKAGE_BUGREPORT ""
#define PACKAGE_URL ""
#define PACKAGE "inf2610-lab0"
#define VERSION "2.1"
#define STDC_HEADERS 1
#define HAVE_SYS_TYPES_H 1
#define HAVE_SYS_STAT_H 1
#define HAVE_STDLIB_H 1
#define HAVE_STRING_H 1
#define HAVE_MEMORY_H 1
#define HAVE_STRINGS_H 1
#define HAVE_INTTYPES_H 1
#define HAVE_STDINT_H 1
#define HAVE_UNISTD_H 1
#define HAVE_DLFCN_H 1
#define LT_OBJDIR ".libs/"
#define HAVE_SYS_TYPES_H 1
#define HAVE_UNISTD_H 1
#define HAVE_FCNTL_H 1
#define HAVE_STRINGS_H 1
#define HAVE_PTHREAD_H 1
#define HAVE_TIME_H 1
#define HAVE_ERRNO_H 1
#define HAVE_STDARG_H 1
#define HAVE_LIMITS_H 1
#define HAVE_SIGNAL_H 1
#define HAVE_STDLIB_H 1
#define HAVE_INTTYPES_H 1
#define HAVE_MATH_H 1
#define HAVE_LIBPTHREAD 1

configure: exit 0
